16.10.2024 - 14:43:29 - [TAB v4.1.8] An error occurred when reading packets
16.10.2024 - 14:43:29 - java.lang.NullPointerException: players is marked non-null but is null
16.10.2024 - 14:43:29 - 	at me.neznamy.tab.shared.platform.Scoreboard.onTeamPacket(Scoreboard.java:379)
16.10.2024 - 14:43:29 - 	at me.neznamy.tab.platforms.bukkit.scoreboard.packet.TeamPacketData.onPacketSend(TeamPacketData.java:312)
16.10.2024 - 14:43:29 - 	at me.neznamy.tab.platforms.bukkit.scoreboard.packet.PacketScoreboard.onPacketSend(PacketScoreboard.java:204)
16.10.2024 - 14:43:29 - 	at me.neznamy.tab.shared.features.injection.NettyPipelineInjector$TabChannelDuplexHandler.write(NettyPipelineInjector.java:94)
16.10.2024 - 14:43:29 - 	at MC-BOOTSTRAP/io.netty.transport@4.1.82.Final/io.netty.channel.AbstractChannelHandlerContext.invokeWrite0(AbstractChannelHandlerContext.java:717)
16.10.2024 - 14:43:29 - 	at MC-BOOTSTRAP/io.netty.transport@4.1.82.Final/io.netty.channel.AbstractChannelHandlerContext.invokeWriteAndFlush(AbstractChannelHandlerContext.java:764)
16.10.2024 - 14:43:29 - 	at MC-BOOTSTRAP/io.netty.transport@4.1.82.Final/io.netty.channel.AbstractChannelHandlerContext.write(AbstractChannelHandlerContext.java:790)
16.10.2024 - 14:43:29 - 	at MC-BOOTSTRAP/io.netty.transport@4.1.82.Final/io.netty.channel.AbstractChannelHandlerContext.writeAndFlush(AbstractChannelHandlerContext.java:758)
16.10.2024 - 14:43:29 - 	at MC-BOOTSTRAP/io.netty.transport@4.1.82.Final/io.netty.channel.AbstractChannelHandlerContext.writeAndFlush(AbstractChannelHandlerContext.java:808)
16.10.2024 - 14:43:29 - 	at MC-BOOTSTRAP/io.netty.transport@4.1.82.Final/io.netty.channel.DefaultChannelPipeline.writeAndFlush(DefaultChannelPipeline.java:1025)
16.10.2024 - 14:43:29 - 	at MC-BOOTSTRAP/io.netty.transport@4.1.82.Final/io.netty.channel.AbstractChannel.writeAndFlush(AbstractChannel.java:306)
16.10.2024 - 14:43:29 - 	at TRANSFORMER/minecraft@1.20.1/net.minecraft.network.Connection.m_243087_(Connection.java:233)
16.10.2024 - 14:43:29 - 	at TRANSFORMER/minecraft@1.20.1/net.minecraft.network.Connection.lambda$sendPacket$8(Connection.java:222)
16.10.2024 - 14:43:29 - 	at MC-BOOTSTRAP/io.netty.common@4.1.82.Final/io.netty.util.concurrent.AbstractEventExecutor.runTask(AbstractEventExecutor.java:174)
16.10.2024 - 14:43:29 - 	at MC-BOOTSTRAP/io.netty.common@4.1.82.Final/io.netty.util.concurrent.AbstractEventExecutor.safeExecute(AbstractEventExecutor.java:167)
16.10.2024 - 14:43:29 - 	at MC-BOOTSTRAP/io.netty.common@4.1.82.Final/io.netty.util.concurrent.SingleThreadEventExecutor.runAllTasks(SingleThreadEventExecutor.java:470)
16.10.2024 - 14:43:29 - 	at MC-BOOTSTRAP/io.netty.transport@4.1.82.Final/io.netty.channel.nio.NioEventLoop.run(NioEventLoop.java:569)
16.10.2024 - 14:43:29 - 	at MC-BOOTSTRAP/io.netty.common@4.1.82.Final/io.netty.util.concurrent.SingleThreadEventExecutor$4.run(SingleThreadEventExecutor.java:997)
16.10.2024 - 14:43:29 - 	at MC-BOOTSTRAP/io.netty.common@4.1.82.Final/io.netty.util.internal.ThreadExecutorMap$2.run(ThreadExecutorMap.java:74)
16.10.2024 - 14:43:29 - 	at java.base/java.lang.Thread.run(Thread.java:1583)
16.10.2024 - 14:43:29 - [TAB v4.1.8] An error occurred when reading packets
16.10.2024 - 14:43:29 - java.lang.NullPointerException: players is marked non-null but is null
16.10.2024 - 14:43:29 - 	at me.neznamy.tab.shared.platform.Scoreboard.onTeamPacket(Scoreboard.java:379)
16.10.2024 - 14:43:29 - 	at me.neznamy.tab.platforms.bukkit.scoreboard.packet.TeamPacketData.onPacketSend(TeamPacketData.java:312)
16.10.2024 - 14:43:29 - 	at me.neznamy.tab.platforms.bukkit.scoreboard.packet.PacketScoreboard.onPacketSend(PacketScoreboard.java:204)
16.10.2024 - 14:43:29 - 	at me.neznamy.tab.shared.features.injection.NettyPipelineInjector$TabChannelDuplexHandler.write(NettyPipelineInjector.java:94)
16.10.2024 - 14:43:29 - 	at MC-BOOTSTRAP/io.netty.transport@4.1.82.Final/io.netty.channel.AbstractChannelHandlerContext.invokeWrite0(AbstractChannelHandlerContext.java:717)
16.10.2024 - 14:43:29 - 	at MC-BOOTSTRAP/io.netty.transport@4.1.82.Final/io.netty.channel.AbstractChannelHandlerContext.invokeWriteAndFlush(AbstractChannelHandlerContext.java:764)
16.10.2024 - 14:43:29 - 	at MC-BOOTSTRAP/io.netty.transport@4.1.82.Final/io.netty.channel.AbstractChannelHandlerContext.write(AbstractChannelHandlerContext.java:790)
16.10.2024 - 14:43:29 - 	at MC-BOOTSTRAP/io.netty.transport@4.1.82.Final/io.netty.channel.AbstractChannelHandlerContext.writeAndFlush(AbstractChannelHandlerContext.java:758)
16.10.2024 - 14:43:29 - 	at MC-BOOTSTRAP/io.netty.transport@4.1.82.Final/io.netty.channel.AbstractChannelHandlerContext.writeAndFlush(AbstractChannelHandlerContext.java:808)
16.10.2024 - 14:43:29 - 	at MC-BOOTSTRAP/io.netty.transport@4.1.82.Final/io.netty.channel.DefaultChannelPipeline.writeAndFlush(DefaultChannelPipeline.java:1025)
16.10.2024 - 14:43:29 - 	at MC-BOOTSTRAP/io.netty.transport@4.1.82.Final/io.netty.channel.AbstractChannel.writeAndFlush(AbstractChannel.java:306)
16.10.2024 - 14:43:29 - 	at TRANSFORMER/minecraft@1.20.1/net.minecraft.network.Connection.m_243087_(Connection.java:233)
16.10.2024 - 14:43:29 - 	at TRANSFORMER/minecraft@1.20.1/net.minecraft.network.Connection.lambda$sendPacket$8(Connection.java:222)
16.10.2024 - 14:43:29 - 	at MC-BOOTSTRAP/io.netty.common@4.1.82.Final/io.netty.util.concurrent.AbstractEventExecutor.runTask(AbstractEventExecutor.java:174)
16.10.2024 - 14:43:29 - 	at MC-BOOTSTRAP/io.netty.common@4.1.82.Final/io.netty.util.concurrent.AbstractEventExecutor.safeExecute(AbstractEventExecutor.java:167)
16.10.2024 - 14:43:29 - 	at MC-BOOTSTRAP/io.netty.common@4.1.82.Final/io.netty.util.concurrent.SingleThreadEventExecutor.runAllTasks(SingleThreadEventExecutor.java:470)
16.10.2024 - 14:43:29 - 	at MC-BOOTSTRAP/io.netty.transport@4.1.82.Final/io.netty.channel.nio.NioEventLoop.run(NioEventLoop.java:569)
16.10.2024 - 14:43:29 - 	at MC-BOOTSTRAP/io.netty.common@4.1.82.Final/io.netty.util.concurrent.SingleThreadEventExecutor$4.run(SingleThreadEventExecutor.java:997)
16.10.2024 - 14:43:29 - 	at MC-BOOTSTRAP/io.netty.common@4.1.82.Final/io.netty.util.internal.ThreadExecutorMap$2.run(ThreadExecutorMap.java:74)
16.10.2024 - 14:43:29 - 	at java.base/java.lang.Thread.run(Thread.java:1583)
16.10.2024 - 14:43:29 - [TAB v4.1.8] An error occurred when reading packets
16.10.2024 - 14:43:29 - java.lang.NullPointerException: players is marked non-null but is null
16.10.2024 - 14:43:29 - 	at me.neznamy.tab.shared.platform.Scoreboard.onTeamPacket(Scoreboard.java:379)
16.10.2024 - 14:43:29 - 	at me.neznamy.tab.platforms.bukkit.scoreboard.packet.TeamPacketData.onPacketSend(TeamPacketData.java:312)
16.10.2024 - 14:43:29 - 	at me.neznamy.tab.platforms.bukkit.scoreboard.packet.PacketScoreboard.onPacketSend(PacketScoreboard.java:204)
16.10.2024 - 14:43:29 - 	at me.neznamy.tab.shared.features.injection.NettyPipelineInjector$TabChannelDuplexHandler.write(NettyPipelineInjector.java:94)
16.10.2024 - 14:43:29 - 	at MC-BOOTSTRAP/io.netty.transport@4.1.82.Final/io.netty.channel.AbstractChannelHandlerContext.invokeWrite0(AbstractChannelHandlerContext.java:717)
16.10.2024 - 14:43:29 - 	at MC-BOOTSTRAP/io.netty.transport@4.1.82.Final/io.netty.channel.AbstractChannelHandlerContext.invokeWriteAndFlush(AbstractChannelHandlerContext.java:764)
16.10.2024 - 14:43:29 - 	at MC-BOOTSTRAP/io.netty.transport@4.1.82.Final/io.netty.channel.AbstractChannelHandlerContext.write(AbstractChannelHandlerContext.java:790)
16.10.2024 - 14:43:29 - 	at MC-BOOTSTRAP/io.netty.transport@4.1.82.Final/io.netty.channel.AbstractChannelHandlerContext.writeAndFlush(AbstractChannelHandlerContext.java:758)
16.10.2024 - 14:43:29 - 	at MC-BOOTSTRAP/io.netty.transport@4.1.82.Final/io.netty.channel.AbstractChannelHandlerContext.writeAndFlush(AbstractChannelHandlerContext.java:808)
16.10.2024 - 14:43:29 - 	at MC-BOOTSTRAP/io.netty.transport@4.1.82.Final/io.netty.channel.DefaultChannelPipeline.writeAndFlush(DefaultChannelPipeline.java:1025)
16.10.2024 - 14:43:29 - 	at MC-BOOTSTRAP/io.netty.transport@4.1.82.Final/io.netty.channel.AbstractChannel.writeAndFlush(AbstractChannel.java:306)
16.10.2024 - 14:43:29 - 	at TRANSFORMER/minecraft@1.20.1/net.minecraft.network.Connection.m_243087_(Connection.java:233)
16.10.2024 - 14:43:29 - 	at TRANSFORMER/minecraft@1.20.1/net.minecraft.network.Connection.lambda$sendPacket$8(Connection.java:222)
16.10.2024 - 14:43:29 - 	at MC-BOOTSTRAP/io.netty.common@4.1.82.Final/io.netty.util.concurrent.AbstractEventExecutor.runTask(AbstractEventExecutor.java:174)
16.10.2024 - 14:43:29 - 	at MC-BOOTSTRAP/io.netty.common@4.1.82.Final/io.netty.util.concurrent.AbstractEventExecutor.safeExecute(AbstractEventExecutor.java:167)
16.10.2024 - 14:43:29 - 	at MC-BOOTSTRAP/io.netty.common@4.1.82.Final/io.netty.util.concurrent.SingleThreadEventExecutor.runAllTasks(SingleThreadEventExecutor.java:470)
16.10.2024 - 14:43:29 - 	at MC-BOOTSTRAP/io.netty.transport@4.1.82.Final/io.netty.channel.nio.NioEventLoop.run(NioEventLoop.java:569)
16.10.2024 - 14:43:29 - 	at MC-BOOTSTRAP/io.netty.common@4.1.82.Final/io.netty.util.concurrent.SingleThreadEventExecutor$4.run(SingleThreadEventExecutor.java:997)
16.10.2024 - 14:43:29 - 	at MC-BOOTSTRAP/io.netty.common@4.1.82.Final/io.netty.util.internal.ThreadExecutorMap$2.run(ThreadExecutorMap.java:74)
16.10.2024 - 14:43:29 - 	at java.base/java.lang.Thread.run(Thread.java:1583)
16.10.2024 - 14:43:29 - [TAB v4.1.8] An error occurred when reading packets
16.10.2024 - 14:43:29 - java.lang.NullPointerException: players is marked non-null but is null
16.10.2024 - 14:43:29 - 	at me.neznamy.tab.shared.platform.Scoreboard.onTeamPacket(Scoreboard.java:379)
16.10.2024 - 14:43:29 - 	at me.neznamy.tab.platforms.bukkit.scoreboard.packet.TeamPacketData.onPacketSend(TeamPacketData.java:312)
16.10.2024 - 14:43:29 - 	at me.neznamy.tab.platforms.bukkit.scoreboard.packet.PacketScoreboard.onPacketSend(PacketScoreboard.java:204)
16.10.2024 - 14:43:29 - 	at me.neznamy.tab.shared.features.injection.NettyPipelineInjector$TabChannelDuplexHandler.write(NettyPipelineInjector.java:94)
16.10.2024 - 14:43:29 - 	at MC-BOOTSTRAP/io.netty.transport@4.1.82.Final/io.netty.channel.AbstractChannelHandlerContext.invokeWrite0(AbstractChannelHandlerContext.java:717)
16.10.2024 - 14:43:29 - 	at MC-BOOTSTRAP/io.netty.transport@4.1.82.Final/io.netty.channel.AbstractChannelHandlerContext.invokeWriteAndFlush(AbstractChannelHandlerContext.java:764)
16.10.2024 - 14:43:29 - 	at MC-BOOTSTRAP/io.netty.transport@4.1.82.Final/io.netty.channel.AbstractChannelHandlerContext.write(AbstractChannelHandlerContext.java:790)
16.10.2024 - 14:43:29 - 	at MC-BOOTSTRAP/io.netty.transport@4.1.82.Final/io.netty.channel.AbstractChannelHandlerContext.writeAndFlush(AbstractChannelHandlerContext.java:758)
16.10.2024 - 14:43:29 - 	at MC-BOOTSTRAP/io.netty.transport@4.1.82.Final/io.netty.channel.AbstractChannelHandlerContext.writeAndFlush(AbstractChannelHandlerContext.java:808)
16.10.2024 - 14:43:29 - 	at MC-BOOTSTRAP/io.netty.transport@4.1.82.Final/io.netty.channel.DefaultChannelPipeline.writeAndFlush(DefaultChannelPipeline.java:1025)
16.10.2024 - 14:43:29 - 	at MC-BOOTSTRAP/io.netty.transport@4.1.82.Final/io.netty.channel.AbstractChannel.writeAndFlush(AbstractChannel.java:306)
16.10.2024 - 14:43:29 - 	at TRANSFORMER/minecraft@1.20.1/net.minecraft.network.Connection.m_243087_(Connection.java:233)
16.10.2024 - 14:43:29 - 	at TRANSFORMER/minecraft@1.20.1/net.minecraft.network.Connection.lambda$sendPacket$8(Connection.java:222)
16.10.2024 - 14:43:29 - 	at MC-BOOTSTRAP/io.netty.common@4.1.82.Final/io.netty.util.concurrent.AbstractEventExecutor.runTask(AbstractEventExecutor.java:174)
16.10.2024 - 14:43:29 - 	at MC-BOOTSTRAP/io.netty.common@4.1.82.Final/io.netty.util.concurrent.AbstractEventExecutor.safeExecute(AbstractEventExecutor.java:167)
16.10.2024 - 14:43:29 - 	at MC-BOOTSTRAP/io.netty.common@4.1.82.Final/io.netty.util.concurrent.SingleThreadEventExecutor.runAllTasks(SingleThreadEventExecutor.java:470)
16.10.2024 - 14:43:29 - 	at MC-BOOTSTRAP/io.netty.transport@4.1.82.Final/io.netty.channel.nio.NioEventLoop.run(NioEventLoop.java:569)
16.10.2024 - 14:43:29 - 	at MC-BOOTSTRAP/io.netty.common@4.1.82.Final/io.netty.util.concurrent.SingleThreadEventExecutor$4.run(SingleThreadEventExecutor.java:997)
16.10.2024 - 14:43:29 - 	at MC-BOOTSTRAP/io.netty.common@4.1.82.Final/io.netty.util.internal.ThreadExecutorMap$2.run(ThreadExecutorMap.java:74)
16.10.2024 - 14:43:29 - 	at java.base/java.lang.Thread.run(Thread.java:1583)
16.10.2024 - 14:43:29 - [TAB v4.1.8] An error occurred when reading packets
16.10.2024 - 14:43:29 - java.lang.NullPointerException: players is marked non-null but is null
16.10.2024 - 14:43:29 - 	at me.neznamy.tab.shared.platform.Scoreboard.onTeamPacket(Scoreboard.java:379)
16.10.2024 - 14:43:29 - 	at me.neznamy.tab.platforms.bukkit.scoreboard.packet.TeamPacketData.onPacketSend(TeamPacketData.java:312)
16.10.2024 - 14:43:29 - 	at me.neznamy.tab.platforms.bukkit.scoreboard.packet.PacketScoreboard.onPacketSend(PacketScoreboard.java:204)
16.10.2024 - 14:43:29 - 	at me.neznamy.tab.shared.features.injection.NettyPipelineInjector$TabChannelDuplexHandler.write(NettyPipelineInjector.java:94)
16.10.2024 - 14:43:29 - 	at MC-BOOTSTRAP/io.netty.transport@4.1.82.Final/io.netty.channel.AbstractChannelHandlerContext.invokeWrite0(AbstractChannelHandlerContext.java:717)
16.10.2024 - 14:43:29 - 	at MC-BOOTSTRAP/io.netty.transport@4.1.82.Final/io.netty.channel.AbstractChannelHandlerContext.invokeWriteAndFlush(AbstractChannelHandlerContext.java:764)
16.10.2024 - 14:43:29 - 	at MC-BOOTSTRAP/io.netty.transport@4.1.82.Final/io.netty.channel.AbstractChannelHandlerContext.write(AbstractChannelHandlerContext.java:790)
16.10.2024 - 14:43:29 - 	at MC-BOOTSTRAP/io.netty.transport@4.1.82.Final/io.netty.channel.AbstractChannelHandlerContext.writeAndFlush(AbstractChannelHandlerContext.java:758)
16.10.2024 - 14:43:29 - 	at MC-BOOTSTRAP/io.netty.transport@4.1.82.Final/io.netty.channel.AbstractChannelHandlerContext.writeAndFlush(AbstractChannelHandlerContext.java:808)
16.10.2024 - 14:43:29 - 	at MC-BOOTSTRAP/io.netty.transport@4.1.82.Final/io.netty.channel.DefaultChannelPipeline.writeAndFlush(DefaultChannelPipeline.java:1025)
16.10.2024 - 14:43:29 - 	at MC-BOOTSTRAP/io.netty.transport@4.1.82.Final/io.netty.channel.AbstractChannel.writeAndFlush(AbstractChannel.java:306)
16.10.2024 - 14:43:29 - 	at TRANSFORMER/minecraft@1.20.1/net.minecraft.network.Connection.m_243087_(Connection.java:233)
16.10.2024 - 14:43:29 - 	at TRANSFORMER/minecraft@1.20.1/net.minecraft.network.Connection.lambda$sendPacket$8(Connection.java:222)
16.10.2024 - 14:43:29 - 	at MC-BOOTSTRAP/io.netty.common@4.1.82.Final/io.netty.util.concurrent.AbstractEventExecutor.runTask(AbstractEventExecutor.java:174)
16.10.2024 - 14:43:29 - 	at MC-BOOTSTRAP/io.netty.common@4.1.82.Final/io.netty.util.concurrent.AbstractEventExecutor.safeExecute(AbstractEventExecutor.java:167)
16.10.2024 - 14:43:29 - 	at MC-BOOTSTRAP/io.netty.common@4.1.82.Final/io.netty.util.concurrent.SingleThreadEventExecutor.runAllTasks(SingleThreadEventExecutor.java:470)
16.10.2024 - 14:43:29 - 	at MC-BOOTSTRAP/io.netty.transport@4.1.82.Final/io.netty.channel.nio.NioEventLoop.run(NioEventLoop.java:569)
16.10.2024 - 14:43:29 - 	at MC-BOOTSTRAP/io.netty.common@4.1.82.Final/io.netty.util.concurrent.SingleThreadEventExecutor$4.run(SingleThreadEventExecutor.java:997)
16.10.2024 - 14:43:29 - 	at MC-BOOTSTRAP/io.netty.common@4.1.82.Final/io.netty.util.internal.ThreadExecutorMap$2.run(ThreadExecutorMap.java:74)
16.10.2024 - 14:43:29 - 	at java.base/java.lang.Thread.run(Thread.java:1583)
16.10.2024 - 14:43:29 - [TAB v4.1.8] An error occurred when reading packets
16.10.2024 - 14:43:29 - java.lang.NullPointerException: players is marked non-null but is null
16.10.2024 - 14:43:29 - 	at me.neznamy.tab.shared.platform.Scoreboard.onTeamPacket(Scoreboard.java:379)
16.10.2024 - 14:43:29 - 	at me.neznamy.tab.platforms.bukkit.scoreboard.packet.TeamPacketData.onPacketSend(TeamPacketData.java:312)
16.10.2024 - 14:43:29 - 	at me.neznamy.tab.platforms.bukkit.scoreboard.packet.PacketScoreboard.onPacketSend(PacketScoreboard.java:204)
16.10.2024 - 14:43:29 - 	at me.neznamy.tab.shared.features.injection.NettyPipelineInjector$TabChannelDuplexHandler.write(NettyPipelineInjector.java:94)
16.10.2024 - 14:43:29 - 	at MC-BOOTSTRAP/io.netty.transport@4.1.82.Final/io.netty.channel.AbstractChannelHandlerContext.invokeWrite0(AbstractChannelHandlerContext.java:717)
16.10.2024 - 14:43:29 - 	at MC-BOOTSTRAP/io.netty.transport@4.1.82.Final/io.netty.channel.AbstractChannelHandlerContext.invokeWriteAndFlush(AbstractChannelHandlerContext.java:764)
16.10.2024 - 14:43:29 - 	at MC-BOOTSTRAP/io.netty.transport@4.1.82.Final/io.netty.channel.AbstractChannelHandlerContext.write(AbstractChannelHandlerContext.java:790)
16.10.2024 - 14:43:29 - 	at MC-BOOTSTRAP/io.netty.transport@4.1.82.Final/io.netty.channel.AbstractChannelHandlerContext.writeAndFlush(AbstractChannelHandlerContext.java:758)
16.10.2024 - 14:43:29 - 	at MC-BOOTSTRAP/io.netty.transport@4.1.82.Final/io.netty.channel.AbstractChannelHandlerContext.writeAndFlush(AbstractChannelHandlerContext.java:808)
16.10.2024 - 14:43:29 - 	at MC-BOOTSTRAP/io.netty.transport@4.1.82.Final/io.netty.channel.DefaultChannelPipeline.writeAndFlush(DefaultChannelPipeline.java:1025)
16.10.2024 - 14:43:29 - 	at MC-BOOTSTRAP/io.netty.transport@4.1.82.Final/io.netty.channel.AbstractChannel.writeAndFlush(AbstractChannel.java:306)
16.10.2024 - 14:43:29 - 	at TRANSFORMER/minecraft@1.20.1/net.minecraft.network.Connection.m_243087_(Connection.java:233)
16.10.2024 - 14:43:29 - 	at TRANSFORMER/minecraft@1.20.1/net.minecraft.network.Connection.lambda$sendPacket$8(Connection.java:222)
16.10.2024 - 14:43:29 - 	at MC-BOOTSTRAP/io.netty.common@4.1.82.Final/io.netty.util.concurrent.AbstractEventExecutor.runTask(AbstractEventExecutor.java:174)
16.10.2024 - 14:43:29 - 	at MC-BOOTSTRAP/io.netty.common@4.1.82.Final/io.netty.util.concurrent.AbstractEventExecutor.safeExecute(AbstractEventExecutor.java:167)
16.10.2024 - 14:43:29 - 	at MC-BOOTSTRAP/io.netty.common@4.1.82.Final/io.netty.util.concurrent.SingleThreadEventExecutor.runAllTasks(SingleThreadEventExecutor.java:470)
16.10.2024 - 14:43:29 - 	at MC-BOOTSTRAP/io.netty.transport@4.1.82.Final/io.netty.channel.nio.NioEventLoop.run(NioEventLoop.java:569)
16.10.2024 - 14:43:29 - 	at MC-BOOTSTRAP/io.netty.common@4.1.82.Final/io.netty.util.concurrent.SingleThreadEventExecutor$4.run(SingleThreadEventExecutor.java:997)
16.10.2024 - 14:43:29 - 	at MC-BOOTSTRAP/io.netty.common@4.1.82.Final/io.netty.util.internal.ThreadExecutorMap$2.run(ThreadExecutorMap.java:74)
16.10.2024 - 14:43:29 - 	at java.base/java.lang.Thread.run(Thread.java:1583)
16.10.2024 - 14:43:29 - [TAB v4.1.8] An error occurred when reading packets
16.10.2024 - 14:43:29 - java.lang.NullPointerException: players is marked non-null but is null
16.10.2024 - 14:43:29 - 	at me.neznamy.tab.shared.platform.Scoreboard.onTeamPacket(Scoreboard.java:379)
16.10.2024 - 14:43:29 - 	at me.neznamy.tab.platforms.bukkit.scoreboard.packet.TeamPacketData.onPacketSend(TeamPacketData.java:312)
16.10.2024 - 14:43:29 - 	at me.neznamy.tab.platforms.bukkit.scoreboard.packet.PacketScoreboard.onPacketSend(PacketScoreboard.java:204)
16.10.2024 - 14:43:29 - 	at me.neznamy.tab.shared.features.injection.NettyPipelineInjector$TabChannelDuplexHandler.write(NettyPipelineInjector.java:94)
16.10.2024 - 14:43:29 - 	at MC-BOOTSTRAP/io.netty.transport@4.1.82.Final/io.netty.channel.AbstractChannelHandlerContext.invokeWrite0(AbstractChannelHandlerContext.java:717)
16.10.2024 - 14:43:29 - 	at MC-BOOTSTRAP/io.netty.transport@4.1.82.Final/io.netty.channel.AbstractChannelHandlerContext.invokeWriteAndFlush(AbstractChannelHandlerContext.java:764)
16.10.2024 - 14:43:29 - 	at MC-BOOTSTRAP/io.netty.transport@4.1.82.Final/io.netty.channel.AbstractChannelHandlerContext.write(AbstractChannelHandlerContext.java:790)
16.10.2024 - 14:43:29 - 	at MC-BOOTSTRAP/io.netty.transport@4.1.82.Final/io.netty.channel.AbstractChannelHandlerContext.writeAndFlush(AbstractChannelHandlerContext.java:758)
16.10.2024 - 14:43:29 - 	at MC-BOOTSTRAP/io.netty.transport@4.1.82.Final/io.netty.channel.AbstractChannelHandlerContext.writeAndFlush(AbstractChannelHandlerContext.java:808)
16.10.2024 - 14:43:29 - 	at MC-BOOTSTRAP/io.netty.transport@4.1.82.Final/io.netty.channel.DefaultChannelPipeline.writeAndFlush(DefaultChannelPipeline.java:1025)
16.10.2024 - 14:43:29 - 	at MC-BOOTSTRAP/io.netty.transport@4.1.82.Final/io.netty.channel.AbstractChannel.writeAndFlush(AbstractChannel.java:306)
16.10.2024 - 14:43:29 - 	at TRANSFORMER/minecraft@1.20.1/net.minecraft.network.Connection.m_243087_(Connection.java:233)
16.10.2024 - 14:43:29 - 	at TRANSFORMER/minecraft@1.20.1/net.minecraft.network.Connection.lambda$sendPacket$8(Connection.java:222)
16.10.2024 - 14:43:29 - 	at MC-BOOTSTRAP/io.netty.common@4.1.82.Final/io.netty.util.concurrent.AbstractEventExecutor.runTask(AbstractEventExecutor.java:174)
16.10.2024 - 14:43:29 - 	at MC-BOOTSTRAP/io.netty.common@4.1.82.Final/io.netty.util.concurrent.AbstractEventExecutor.safeExecute(AbstractEventExecutor.java:167)
16.10.2024 - 14:43:29 - 	at MC-BOOTSTRAP/io.netty.common@4.1.82.Final/io.netty.util.concurrent.SingleThreadEventExecutor.runAllTasks(SingleThreadEventExecutor.java:470)
16.10.2024 - 14:43:29 - 	at MC-BOOTSTRAP/io.netty.transport@4.1.82.Final/io.netty.channel.nio.NioEventLoop.run(NioEventLoop.java:569)
16.10.2024 - 14:43:29 - 	at MC-BOOTSTRAP/io.netty.common@4.1.82.Final/io.netty.util.concurrent.SingleThreadEventExecutor$4.run(SingleThreadEventExecutor.java:997)
16.10.2024 - 14:43:29 - 	at MC-BOOTSTRAP/io.netty.common@4.1.82.Final/io.netty.util.internal.ThreadExecutorMap$2.run(ThreadExecutorMap.java:74)
16.10.2024 - 14:43:29 - 	at java.base/java.lang.Thread.run(Thread.java:1583)
16.10.2024 - 14:43:29 - [TAB v4.1.8] An error occurred when reading packets
16.10.2024 - 14:43:29 - java.lang.NullPointerException: players is marked non-null but is null
16.10.2024 - 14:43:29 - 	at me.neznamy.tab.shared.platform.Scoreboard.onTeamPacket(Scoreboard.java:379)
16.10.2024 - 14:43:29 - 	at me.neznamy.tab.platforms.bukkit.scoreboard.packet.TeamPacketData.onPacketSend(TeamPacketData.java:312)
16.10.2024 - 14:43:29 - 	at me.neznamy.tab.platforms.bukkit.scoreboard.packet.PacketScoreboard.onPacketSend(PacketScoreboard.java:204)
16.10.2024 - 14:43:29 - 	at me.neznamy.tab.shared.features.injection.NettyPipelineInjector$TabChannelDuplexHandler.write(NettyPipelineInjector.java:94)
16.10.2024 - 14:43:29 - 	at MC-BOOTSTRAP/io.netty.transport@4.1.82.Final/io.netty.channel.AbstractChannelHandlerContext.invokeWrite0(AbstractChannelHandlerContext.java:717)
16.10.2024 - 14:43:29 - 	at MC-BOOTSTRAP/io.netty.transport@4.1.82.Final/io.netty.channel.AbstractChannelHandlerContext.invokeWriteAndFlush(AbstractChannelHandlerContext.java:764)
16.10.2024 - 14:43:29 - 	at MC-BOOTSTRAP/io.netty.transport@4.1.82.Final/io.netty.channel.AbstractChannelHandlerContext.write(AbstractChannelHandlerContext.java:790)
16.10.2024 - 14:43:29 - 	at MC-BOOTSTRAP/io.netty.transport@4.1.82.Final/io.netty.channel.AbstractChannelHandlerContext.writeAndFlush(AbstractChannelHandlerContext.java:758)
16.10.2024 - 14:43:29 - 	at MC-BOOTSTRAP/io.netty.transport@4.1.82.Final/io.netty.channel.AbstractChannelHandlerContext.writeAndFlush(AbstractChannelHandlerContext.java:808)
16.10.2024 - 14:43:29 - 	at MC-BOOTSTRAP/io.netty.transport@4.1.82.Final/io.netty.channel.DefaultChannelPipeline.writeAndFlush(DefaultChannelPipeline.java:1025)
16.10.2024 - 14:43:29 - 	at MC-BOOTSTRAP/io.netty.transport@4.1.82.Final/io.netty.channel.AbstractChannel.writeAndFlush(AbstractChannel.java:306)
16.10.2024 - 14:43:29 - 	at TRANSFORMER/minecraft@1.20.1/net.minecraft.network.Connection.m_243087_(Connection.java:233)
16.10.2024 - 14:43:29 - 	at TRANSFORMER/minecraft@1.20.1/net.minecraft.network.Connection.lambda$sendPacket$8(Connection.java:222)
16.10.2024 - 14:43:29 - 	at MC-BOOTSTRAP/io.netty.common@4.1.82.Final/io.netty.util.concurrent.AbstractEventExecutor.runTask(AbstractEventExecutor.java:174)
16.10.2024 - 14:43:29 - 	at MC-BOOTSTRAP/io.netty.common@4.1.82.Final/io.netty.util.concurrent.AbstractEventExecutor.safeExecute(AbstractEventExecutor.java:167)
16.10.2024 - 14:43:29 - 	at MC-BOOTSTRAP/io.netty.common@4.1.82.Final/io.netty.util.concurrent.SingleThreadEventExecutor.runAllTasks(SingleThreadEventExecutor.java:470)
16.10.2024 - 14:43:29 - 	at MC-BOOTSTRAP/io.netty.transport@4.1.82.Final/io.netty.channel.nio.NioEventLoop.run(NioEventLoop.java:569)
16.10.2024 - 14:43:29 - 	at MC-BOOTSTRAP/io.netty.common@4.1.82.Final/io.netty.util.concurrent.SingleThreadEventExecutor$4.run(SingleThreadEventExecutor.java:997)
16.10.2024 - 14:43:29 - 	at MC-BOOTSTRAP/io.netty.common@4.1.82.Final/io.netty.util.internal.ThreadExecutorMap$2.run(ThreadExecutorMap.java:74)
16.10.2024 - 14:43:29 - 	at java.base/java.lang.Thread.run(Thread.java:1583)
