[MCDR] [2024-10-29 22:33:53.433] [MainThread/INFO] [mcdr_server.py:615(__on_mcdr_start)]: MCDReforged 2.13.2 正在启动
[MCDR] [2024-10-29 22:33:53.438] [MainThread/INFO] [python_plugin.py:36(load)]: MCDReforged 正于 Python 3.13.0 环境中运行
[MCDR] [2024-10-29 22:33:53.463] [TaskExecutor/INFO] [meta_holder.py:203(__load_cached_file)]: 已从缓存文件加载插件仓库元数据 (更新于 2024-10-29 22:21:46)
[MCDR] [2024-10-29 22:33:53.464] [TaskExecutor/INFO] [plugin_manager.py:693(refresh_all_plugins_action)]: 刷新所有插件中
[MCDR] [2024-10-29 22:33:53.467] [TaskExecutor/INFO] [plugin_manager.py:217(__load_plugin)]: 插件 bot@1.2.4 已加载
[MCDR] [2024-10-29 22:33:53.493] [TaskExecutor/INFO] [plugin_manager.py:217(__load_plugin)]: 插件 chatbridge@2.6.3 已加载
[MCDR] [2024-10-29 22:33:53.498] [TaskExecutor/INFO] [plugin_manager.py:217(__load_plugin)]: 插件 minecraft_data_api@1.6.1 已加载
[MCDR] [2024-10-29 22:33:53.500] [TaskExecutor/INFO] [plugin_manager.py:217(__load_plugin)]: 插件 mirror_control@1.0.4 已加载
[MCDR] [2024-10-29 22:33:53.501] [TaskExecutor/INFO] [plugin_manager.py:217(__load_plugin)]: 插件 more_command_nodes@1.1.2 已加载
[MCDR] [2024-10-29 22:33:53.510] [TaskExecutor/INFO] [plugin_manager.py:217(__load_plugin)]: 插件 prime_backup@1.8.3 已加载
[MCDR] [2024-10-29 22:33:54.361] [TaskExecutor/INFO] [plugin_server_interface.py:277(log)] [minecraft_data_api]: 配置文件已加载
[MCDR] [2024-10-29 22:33:54.367] [TaskExecutor/INFO] [plugin_server_interface.py:277(log)] [bot]: 配置文件已加载
[MCDR] [2024-10-29 22:33:54.373] [TaskExecutor/INFO] [plugin_server_interface.py:277(log)] [chatbridge]: 配置文件已加载
[MCDR] [2024-10-29 22:33:54.374] [ChatBridge-start/INFO] [mcdr_entry.py:121(start)] [chatbridge]: Starting chatbridge client
[MCDR] [2024-10-29 22:33:54.379] [TaskExecutor/INFO] [plugin_server_interface.py:277(log)] [mirror_control]: 配置文件已加载
[MCDR] [2024-10-29 22:33:54.394] [TaskExecutor/INFO] [plugin_server_interface.py:277(log)] [prime_backup]: 配置文件已加载
[MCDR] [2024-10-29 22:33:54.395] [TaskExecutor/WARNING] [mcdr_entrypoint.py:47(on_load)] [prime_backup]: Prime Backup is disabled by config
[MCDR] [2024-10-29 22:33:54.395] [TaskExecutor/INFO] [mcdr_server.py:294(load_plugins)]: 共加载: §76§r 个插件; 已加载插件数: §78§r
[MCDR] [2024-10-29 22:33:54.398] [MainThread/INFO] [mcdr_server.py:409(start_server)]: 正在启动服务端，启动参数为 'java -Xms8G -Xmx8G -Dfile.encoding=utf-8 -XX:+UseG1GC -XX:MaxGCPauseMillis=130 -XX:+UnlockExperimentalVMOptions -XX:+DisableExplicitGC -XX:+ParallelRefProcEnabled -XX:+ExplicitGCInvokesConcurrent -XX:+UseStringDeduplication -XX:+UseCompressedOops -XX:+UseCompressedClassPointers -XX:+OmitStackTraceInFastThrow -XX:-DontCompileHugeMethods -XX:-UseAdaptiveSizePolicy -XX:+PerfDisableSharedMem -XX:+AlwaysPreTouch -XX:+OptimizeStringConcat -XX:+UseCodeCacheFlushing -XX:+UseThreadPriorities -XX:+UseLoopPredicate -XX:+AlwaysActAsServerClassMachine -XX:+UseFastUnorderedTimeStamps -XX:+UseCriticalJavaThreadPriority -XX:G1NewSizePercent=28 -XX:G1HeapRegionSize=16M -XX:G1ReservePercent=20 -XX:G1MixedGCCountTarget=3 -XX:InitiatingHeapOccupancyPercent=10 -XX:G1MixedGCLiveThresholdPercent=90 -XX:G1RSetUpdatingPauseTimePercent=0 -XX:SurvivorRatio=32 -XX:GCTimeRatio=99 -XX:MaxTenuringThreshold=1 -XX:G1SATBBufferEnqueueingThresholdPercent=30 -XX:G1ConcMarkStepDurationMillis=5 -XX:G1ConcRSHotCardLimit=16 -XX:G1ConcRefinementServiceIntervalMillis=150 -XX:G1HeapWastePercent=18 -XX:NmethodSweepActivity=1 -XX:ReservedCodeCacheSize=400M -XX:NonNMethodCodeHeapSize=12M -XX:ProfiledCodeHeapSize=194M -XX:NonProfiledCodeHeapSize=194M -XX:AllocatePrefetchStyle=3 -Dconsole.encoding=GBK -Dfml.ignorePatchDiscrepancies=true -Dfml.ignoreInvalidMinecraftCertificates=true -Dlog4j2.formatMsgNoLookups=true -Dauthlibinjector.mojangAntiFeatures=disabled -Dauthlibinjector.profileKey=disabled -Dfml.readTimeout=600000 -Dfml.connectTimeout=600000 -Xlog:async -Djava.security.egd=file:/dev/urandom --add-modules jdk.incubator.vector -jar start_server.jar  --eraseCache --nogui'
[MCDR] [2024-10-29 22:33:54.406] [MainThread/INFO] [mcdr_server.py:491(__on_server_start)]: 服务端正在以 PID 22988 运行中
