[14:27:57] [modloading-worker-0/INFO] ========================================
[14:27:57] [modloading-worker-0/INFO] Minecraft: 1.20.1
[14:27:57] [modloading-worker-0/INFO] Side: server
[14:27:57] [modloading-worker-0/INFO] Development: false
[14:27:57] [modloading-worker-0/INFO] Version: 12.1.750
[14:27:57] [modloading-worker-0/INFO] Loader:
[14:27:57] [modloading-worker-0/INFO] - Forge: 47.3.7
[14:27:57] [modloading-worker-0/INFO] Dependencies:
[14:27:57] [modloading-worker-0/INFO] - Cloth Config: 11.1.118
[14:27:57] [modloading-worker-0/INFO] - Architectury: 9.2.14
[14:27:57] [modloading-worker-0/INFO] Mixin: 0.8.5
[14:27:57] [modloading-worker-0/INFO] OS: Windows 11 10.0 (amd64)
[14:27:57] [modloading-worker-0/INFO] Java: 21.0.3 (Oracle Corporation)
[14:27:57] [modloading-worker-0/INFO] ========================================
[14:27:57] [modloading-worker-0/INFO] Mods:
[14:27:57] [modloading-worker-0/INFO] - appleskin: 2.5.1+mc1.20.1
[14:27:57] [modloading-worker-0/INFO] - architectury: 9.2.14
[14:27:57] [modloading-worker-0/INFO] - cloth_config: 11.1.118
[14:27:57] [modloading-worker-0/INFO] - forge: 47.3.7
[14:27:57] [modloading-worker-0/INFO] - halloween_luckyblock: 2.4.0.21
[14:27:57] [modloading-worker-0/INFO] - jade: 11.9.4+forge
[14:27:57] [modloading-worker-0/INFO] - lucky: 1.20.1-13.0
[14:27:57] [modloading-worker-0/INFO] - lucky_block: 1.0.0
[14:27:57] [modloading-worker-0/INFO] - lucky_block_cheat: 1.0.0
[14:27:57] [modloading-worker-0/INFO] - minecraft: 1.20.1
[14:27:57] [modloading-worker-0/INFO] - mohist: 1.20.1
[14:27:57] [modloading-worker-0/INFO] - nbtedit: 5.2.7
[14:27:57] [modloading-worker-0/INFO] - projecte: 1.0.1
[14:27:57] [modloading-worker-0/INFO] - roughlyenoughitems: 12.1.750
[14:27:57] [modloading-worker-0/INFO] - rxclb: 0.5
[14:27:57] [modloading-worker-0/INFO] - uteamcore: 5.1.4.312
[14:27:57] [modloading-worker-0/INFO] - weird_lucky_blocks: 1.0.0
[14:27:57] [modloading-worker-0/INFO] - wtf_item_lucky_block: 1.0.0
[14:27:57] [modloading-worker-0/INFO] - xaerominimap: 24.4.0
[14:27:57] [modloading-worker-0/INFO] - xaeroworldmap: 1.39.0
[14:27:57] [modloading-worker-0/INFO] ========================================
[14:27:57] [modloading-worker-0/INFO] [REI] Registered plugin provider DefaultPluginImpl [roughlyenoughitems] for REIServerPlugin
[14:27:57] [modloading-worker-0/INFO] [REI] Registered plugin provider DefaultPluginImpl [roughlyenoughitems] for REIPlugin
[14:27:57] [modloading-worker-0/INFO] [REI] Registered plugin provider DefaultRuntimePlugin [roughlyenoughitems] for REIServerPlugin
[14:27:57] [modloading-worker-0/INFO] [REI] Registered plugin provider DefaultRuntimePlugin [roughlyenoughitems] for REIPlugin
[14:28:01] [Worker-Main-1/DEBUG] [REI] Processed 0 tags in 20.30 μs for minecraft:worldgen/world_preset
[14:28:01] [Worker-Main-9/DEBUG] [REI] Processed 1 tags in 1.146 ms for minecraft:painting_variant
[14:28:01] [Worker-Main-11/DEBUG] [REI] Processed 0 tags in 23.30 μs for minecraft:damage_type
[14:28:01] [Worker-Main-6/DEBUG] [REI] Processed 5 tags in 1.060 ms for minecraft:game_event
[14:28:01] [Worker-Main-7/DEBUG] [REI] Processed 7 tags in 1.337 ms for minecraft:banner_pattern
[14:28:01] [Worker-Main-8/DEBUG] [REI] Processed 0 tags in 27.70 μs for minecraft:worldgen/biome
[14:28:01] [Worker-Main-10/DEBUG] [REI] Processed 17 tags in 1.621 ms for minecraft:entity_type
[14:28:01] [Worker-Main-5/DEBUG] [REI] Processed 3 tags in 3.401 ms for minecraft:instrument
[14:28:01] [Worker-Main-3/DEBUG] [REI] Processed 3 tags in 3.372 ms for minecraft:point_of_interest_type
[14:28:01] [Worker-Main-8/DEBUG] [REI] Processed 1 tags in 11.00 μs for minecraft:block_entity_type
[14:28:01] [Worker-Main-1/DEBUG] [REI] Processed 2 tags in 17.60 μs for minecraft:cat_variant
[14:28:01] [Worker-Main-5/DEBUG] [REI] Processed 3 tags in 15.20 μs for minecraft:fluid
[14:28:01] [Worker-Main-6/DEBUG] [REI] Processed 0 tags in 3.100 μs for minecraft:worldgen/flat_level_generator_preset
[14:28:01] [Worker-Main-10/DEBUG] [REI] Processed 0 tags in 6.100 μs for minecraft:worldgen/structure
[14:28:01] [Worker-Main-2/DEBUG] [REI] Processed 313 tags in 1.164 ms for minecraft:item
[14:28:01] [Worker-Main-4/DEBUG] [REI] Processed 281 tags in 7.455 ms for minecraft:block
[14:28:01] [main/DEBUG] [REI] ========================================
[14:28:01] [main/DEBUG] [REI] REIPlugin starting pre-reload for START.
[14:28:01] [main/DEBUG] [REI] Reloadables (7):
[14:28:01] [main/DEBUG] [REI]  - EntryTypeRegistryImpl
[14:28:01] [main/DEBUG] [REI]  - EntrySettingsAdapterRegistryImpl
[14:28:01] [main/DEBUG] [REI]  - RecipeManagerContextImpl
[14:28:01] [main/DEBUG] [REI]  - ItemComparatorRegistryImpl
[14:28:01] [main/DEBUG] [REI]  - FluidComparatorRegistryImpl
[14:28:01] [main/DEBUG] [REI]  - DisplaySerializerRegistryImpl
[14:28:01] [main/DEBUG] [REI]  - FluidSupportProviderImpl
[14:28:01] [main/DEBUG] [REI] Plugins (2):
[14:28:01] [main/DEBUG] [REI]  - (-100.00) DefaultPluginImpl of DefaultPluginImpl [roughlyenoughitems]
[14:28:01] [main/DEBUG] [REI]  - (0.00) DefaultRuntimePlugin of DefaultRuntimePlugin [roughlyenoughitems]
[14:28:01] [main/DEBUG] [REI] ========================================
[14:28:01] [main/TRACE] [REI] [REIPlugin START] Reloading Section: "pre-register/"
[14:28:01] [main/TRACE] [REI] [REIPlugin START] Reloading Section: "pre-register/DefaultPluginImpl of DefaultPluginImpl [roughlyenoughitems]/"
[14:28:01] [main/TRACE] [REI] [REIPlugin START] Reloading Section: "pre-register/DefaultPluginImpl of DefaultPluginImpl [roughlyenoughitems]/" done in 935.6 μs
[14:28:01] [main/TRACE] [REI] [REIPlugin START] Reloading Section: "pre-register/DefaultRuntimePlugin of DefaultRuntimePlugin [roughlyenoughitems]/"
[14:28:01] [main/TRACE] [REI] [REIPlugin START] Reloading Section: "pre-register/DefaultRuntimePlugin of DefaultRuntimePlugin [roughlyenoughitems]/" done in 11.00 μs
[14:28:01] [main/TRACE] [REI] [REIPlugin START] Reloading Section: "pre-register/" done in 8.241 ms
[14:28:01] [main/TRACE] [REI] [REIPlugin START] Reloading Section: "pre-stage/"
[14:28:01] [main/TRACE] [REI] [REIPlugin START] Reloading Section: "pre-stage/EntryTypeRegistryImpl/"
[14:28:01] [main/TRACE] [REI] [REIPlugin START] Reloading Section: "pre-stage/EntryTypeRegistryImpl/" done in 132.0 μs
[14:28:01] [main/TRACE] [REI] [REIPlugin START] Reloading Section: "pre-stage/EntrySettingsAdapterRegistryImpl/"
[14:28:01] [main/TRACE] [REI] [REIPlugin START] Reloading Section: "pre-stage/EntrySettingsAdapterRegistryImpl/" done in 4.700 μs
[14:28:01] [main/TRACE] [REI] [REIPlugin START] Reloading Section: "pre-stage/RecipeManagerContextImpl/"
[14:28:01] [main/TRACE] [REI] [REIPlugin START] Reloading Section: "pre-stage/RecipeManagerContextImpl/" done in 5.700 μs
[14:28:01] [main/TRACE] [REI] [REIPlugin START] Reloading Section: "pre-stage/ItemComparatorRegistryImpl/"
[14:28:01] [main/TRACE] [REI] [REIPlugin START] Reloading Section: "pre-stage/ItemComparatorRegistryImpl/" done in 3.900 μs
[14:28:01] [main/TRACE] [REI] [REIPlugin START] Reloading Section: "pre-stage/FluidComparatorRegistryImpl/"
[14:28:01] [main/TRACE] [REI] [REIPlugin START] Reloading Section: "pre-stage/FluidComparatorRegistryImpl/" done in 3.700 μs
[14:28:01] [main/TRACE] [REI] [REIPlugin START] Reloading Section: "pre-stage/DisplaySerializerRegistryImpl/"
[14:28:01] [main/TRACE] [REI] [REIPlugin START] Reloading Section: "pre-stage/DisplaySerializerRegistryImpl/" done in 3.400 μs
[14:28:01] [main/TRACE] [REI] [REIPlugin START] Reloading Section: "pre-stage/FluidSupportProviderImpl/"
[14:28:01] [main/TRACE] [REI] [REIPlugin START] Reloading Section: "pre-stage/FluidSupportProviderImpl/" done in 3.900 μs
[14:28:01] [main/TRACE] [REI] [REIPlugin START] Reloading Section: "pre-stage/" done in 736.2 μs
[14:28:01] [main/DEBUG] [REI] ========================================
[14:28:01] [main/DEBUG] [REI] REIPlugin finished pre-reload for START in 9.907 ms.
[14:28:01] [main/DEBUG] [REI] ========================================
[14:28:01] [main/DEBUG] [REI] ========================================
[14:28:01] [main/DEBUG] [REI] REIServerPlugin starting pre-reload for START.
[14:28:01] [main/DEBUG] [REI] Reloadables (2):
[14:28:01] [main/DEBUG] [REI]  - MenuInfoRegistryImpl
[14:28:01] [main/DEBUG] [REI]  - SlotAccessorRegistryImpl
[14:28:01] [main/DEBUG] [REI] Plugins (2):
[14:28:01] [main/DEBUG] [REI]  - (-100.00) DefaultPluginImpl of DefaultPluginImpl [roughlyenoughitems]
[14:28:01] [main/DEBUG] [REI]  - (0.00) DefaultRuntimePlugin of DefaultRuntimePlugin [roughlyenoughitems]
[14:28:01] [main/DEBUG] [REI] ========================================
[14:28:01] [main/TRACE] [REI] [REIServerPlugin START] Reloading Section: "pre-register/"
[14:28:01] [main/TRACE] [REI] [REIServerPlugin START] Reloading Section: "pre-register/DefaultPluginImpl of DefaultPluginImpl [roughlyenoughitems]/"
[14:28:01] [main/TRACE] [REI] [REIServerPlugin START] Reloading Section: "pre-register/DefaultPluginImpl of DefaultPluginImpl [roughlyenoughitems]/" done in 10.60 μs
[14:28:01] [main/TRACE] [REI] [REIServerPlugin START] Reloading Section: "pre-register/DefaultRuntimePlugin of DefaultRuntimePlugin [roughlyenoughitems]/"
[14:28:01] [main/TRACE] [REI] [REIServerPlugin START] Reloading Section: "pre-register/DefaultRuntimePlugin of DefaultRuntimePlugin [roughlyenoughitems]/" done in 4.400 μs
[14:28:01] [main/TRACE] [REI] [REIServerPlugin START] Reloading Section: "pre-register/" done in 168.2 μs
[14:28:01] [main/TRACE] [REI] [REIServerPlugin START] Reloading Section: "pre-stage/"
[14:28:01] [main/TRACE] [REI] [REIServerPlugin START] Reloading Section: "pre-stage/MenuInfoRegistryImpl/"
[14:28:01] [main/TRACE] [REI] [REIServerPlugin START] Reloading Section: "pre-stage/MenuInfoRegistryImpl/" done in 4.500 μs
[14:28:01] [main/TRACE] [REI] [REIServerPlugin START] Reloading Section: "pre-stage/SlotAccessorRegistryImpl/"
[14:28:01] [main/TRACE] [REI] [REIServerPlugin START] Reloading Section: "pre-stage/SlotAccessorRegistryImpl/" done in 8.600 μs
[14:28:01] [main/TRACE] [REI] [REIServerPlugin START] Reloading Section: "pre-stage/" done in 270.9 μs
[14:28:01] [main/DEBUG] [REI] ========================================
[14:28:01] [main/DEBUG] [REI] REIServerPlugin finished pre-reload for START in 562.9 μs.
[14:28:01] [main/DEBUG] [REI] ========================================
[14:28:01] [main/INFO] [REI] %%%%%%%%%%%%%%%%%%%%%%%%%%%%%%%%%%%%%%%%
[14:28:01] [main/INFO] [REI] REIPlugin starting main-reload for START.
[14:28:01] [main/DEBUG] [REI] Reloadables (7):
[14:28:01] [main/DEBUG] [REI]  - EntryTypeRegistryImpl
[14:28:01] [main/DEBUG] [REI]  - EntrySettingsAdapterRegistryImpl
[14:28:01] [main/DEBUG] [REI]  - RecipeManagerContextImpl
[14:28:01] [main/DEBUG] [REI]  - ItemComparatorRegistryImpl
[14:28:01] [main/DEBUG] [REI]  - FluidComparatorRegistryImpl
[14:28:01] [main/DEBUG] [REI]  - DisplaySerializerRegistryImpl
[14:28:01] [main/DEBUG] [REI]  - FluidSupportProviderImpl
[14:28:01] [main/INFO] [REI] Plugins (2):
[14:28:01] [main/INFO] [REI]  - (-100.00) DefaultPluginImpl of DefaultPluginImpl [roughlyenoughitems]
[14:28:01] [main/INFO] [REI]  - (0.00) DefaultRuntimePlugin of DefaultRuntimePlugin [roughlyenoughitems]
[14:28:01] [main/INFO] [REI] %%%%%%%%%%%%%%%%%%%%%%%%%%%%%%%%%%%%%%%%
[14:28:01] [main/TRACE] [REI] [REIPlugin START] Reloading Section: "start-reload/"
[14:28:01] [main/TRACE] [REI] [REIPlugin START] Reloading Section: "start-reload/EntryTypeRegistryImpl/"
[14:28:01] [main/TRACE] [REI] [REIPlugin START] Reloading Section: "start-reload/EntryTypeRegistryImpl/" done in 42.20 μs
[14:28:01] [main/TRACE] [REI] [REIPlugin START] Reloading Section: "start-reload/EntrySettingsAdapterRegistryImpl/"
[14:28:01] [main/TRACE] [REI] [REIPlugin START] Reloading Section: "start-reload/EntrySettingsAdapterRegistryImpl/" done in 7.300 μs
[14:28:01] [main/TRACE] [REI] [REIPlugin START] Reloading Section: "start-reload/RecipeManagerContextImpl/"
[14:28:01] [main/TRACE] [REI] [REIPlugin START] Reloading Section: "start-reload/RecipeManagerContextImpl/" done in 4.500 μs
[14:28:01] [main/TRACE] [REI] [REIPlugin START] Reloading Section: "start-reload/ItemComparatorRegistryImpl/"
[14:28:01] [main/TRACE] [REI] [REIPlugin START] Reloading Section: "start-reload/ItemComparatorRegistryImpl/" done in 15.90 μs
[14:28:01] [main/TRACE] [REI] [REIPlugin START] Reloading Section: "start-reload/FluidComparatorRegistryImpl/"
[14:28:01] [main/TRACE] [REI] [REIPlugin START] Reloading Section: "start-reload/FluidComparatorRegistryImpl/" done in 5.500 μs
[14:28:01] [main/TRACE] [REI] [REIPlugin START] Reloading Section: "start-reload/DisplaySerializerRegistryImpl/"
[14:28:01] [main/TRACE] [REI] [REIPlugin START] Reloading Section: "start-reload/DisplaySerializerRegistryImpl/" done in 4.500 μs
[14:28:01] [main/TRACE] [REI] [REIPlugin START] Reloading Section: "start-reload/FluidSupportProviderImpl/"
[14:28:01] [main/TRACE] [REI] [REIPlugin START] Reloading Section: "start-reload/FluidSupportProviderImpl/" done in 11.90 μs
[14:28:01] [main/TRACE] [REI] [REIPlugin START] Reloading Section: "start-reload/" done in 682.7 μs
[14:28:01] [main/DEBUG] [REI] ========================================
[14:28:01] [main/DEBUG] [REI] REIPlugin started main-reload for START.
[14:28:01] [main/DEBUG] [REI] ========================================
[14:28:01] [main/TRACE] [REI] [REIPlugin START] Reloading Section: "reloadable-plugin/EntryTypeRegistryImpl/"
[14:28:01] [main/TRACE] [REI] [REIPlugin START] Reloading Section: "reloadable-plugin/EntryTypeRegistryImpl/DefaultPluginImpl of DefaultPluginImpl [roughlyenoughitems]/"
[14:28:01] [main/TRACE] [REI] [REIPlugin START] Reloading Section: "reloadable-plugin/EntryTypeRegistryImpl/DefaultPluginImpl of DefaultPluginImpl [roughlyenoughitems]/" done in 144.6 μs
[14:28:01] [main/TRACE] [REI] [REIPlugin START] Reloading Section: "reloadable-plugin/EntryTypeRegistryImpl/DefaultRuntimePlugin of DefaultRuntimePlugin [roughlyenoughitems]/"
[14:28:01] [main/TRACE] [REI] [REIPlugin START] Reloading Section: "reloadable-plugin/EntryTypeRegistryImpl/DefaultRuntimePlugin of DefaultRuntimePlugin [roughlyenoughitems]/" done in 5.899 ms
[14:28:01] [main/TRACE] [REI] [REIPlugin START] Reloading Section: "reloadable-plugin/EntryTypeRegistryImpl/" done in 6.638 ms
[14:28:01] [main/TRACE] [REI] [REIPlugin START] Reloading Section: "reloadable-plugin/EntrySettingsAdapterRegistryImpl/"
[14:28:01] [main/TRACE] [REI] [REIPlugin START] Reloading Section: "reloadable-plugin/EntrySettingsAdapterRegistryImpl/DefaultPluginImpl of DefaultPluginImpl [roughlyenoughitems]/"
[14:28:01] [main/TRACE] [REI] [REIPlugin START] Reloading Section: "reloadable-plugin/EntrySettingsAdapterRegistryImpl/DefaultPluginImpl of DefaultPluginImpl [roughlyenoughitems]/" done in 25.70 μs
[14:28:01] [main/TRACE] [REI] [REIPlugin START] Reloading Section: "reloadable-plugin/EntrySettingsAdapterRegistryImpl/DefaultRuntimePlugin of DefaultRuntimePlugin [roughlyenoughitems]/"
[14:28:01] [main/TRACE] [REI] [REIPlugin START] Reloading Section: "reloadable-plugin/EntrySettingsAdapterRegistryImpl/DefaultRuntimePlugin of DefaultRuntimePlugin [roughlyenoughitems]/" done in 12.20 μs
[14:28:01] [main/TRACE] [REI] [REIPlugin START] Reloading Section: "reloadable-plugin/EntrySettingsAdapterRegistryImpl/" done in 346.0 μs
[14:28:01] [main/TRACE] [REI] [REIPlugin START] Reloading Section: "reloadable-plugin/RecipeManagerContextImpl/"
[14:28:01] [main/TRACE] [REI] [REIPlugin START] Reloading Section: "reloadable-plugin/RecipeManagerContextImpl/DefaultPluginImpl of DefaultPluginImpl [roughlyenoughitems]/"
[14:28:01] [main/TRACE] [REI] [REIPlugin START] Reloading Section: "reloadable-plugin/RecipeManagerContextImpl/DefaultPluginImpl of DefaultPluginImpl [roughlyenoughitems]/" done in 7.100 μs
[14:28:01] [main/TRACE] [REI] [REIPlugin START] Reloading Section: "reloadable-plugin/RecipeManagerContextImpl/DefaultRuntimePlugin of DefaultRuntimePlugin [roughlyenoughitems]/"
[14:28:01] [main/TRACE] [REI] [REIPlugin START] Reloading Section: "reloadable-plugin/RecipeManagerContextImpl/DefaultRuntimePlugin of DefaultRuntimePlugin [roughlyenoughitems]/" done in 6.700 μs
[14:28:01] [main/TRACE] [REI] [REIPlugin START] Reloading Section: "reloadable-plugin/RecipeManagerContextImpl/" done in 198.5 μs
[14:28:01] [main/TRACE] [REI] [REIPlugin START] Reloading Section: "reloadable-plugin/ItemComparatorRegistryImpl/"
[14:28:01] [main/TRACE] [REI] [REIPlugin START] Reloading Section: "reloadable-plugin/ItemComparatorRegistryImpl/DefaultPluginImpl of DefaultPluginImpl [roughlyenoughitems]/"
[14:28:01] [main/TRACE] [REI] [REIPlugin START] Reloading Section: "reloadable-plugin/ItemComparatorRegistryImpl/DefaultPluginImpl of DefaultPluginImpl [roughlyenoughitems]/" done in 904.4 μs
[14:28:01] [main/TRACE] [REI] [REIPlugin START] Reloading Section: "reloadable-plugin/ItemComparatorRegistryImpl/DefaultRuntimePlugin of DefaultRuntimePlugin [roughlyenoughitems]/"
[14:28:01] [main/TRACE] [REI] [REIPlugin START] Reloading Section: "reloadable-plugin/ItemComparatorRegistryImpl/DefaultRuntimePlugin of DefaultRuntimePlugin [roughlyenoughitems]/" done in 9.600 μs
[14:28:01] [main/TRACE] [REI] [REIPlugin START] Reloading Section: "reloadable-plugin/ItemComparatorRegistryImpl/" done in 1.146 ms
[14:28:01] [main/TRACE] [REI] [REIPlugin START] Reloading Section: "reloadable-plugin/FluidComparatorRegistryImpl/"
[14:28:01] [main/TRACE] [REI] [REIPlugin START] Reloading Section: "reloadable-plugin/FluidComparatorRegistryImpl/DefaultPluginImpl of DefaultPluginImpl [roughlyenoughitems]/"
[14:28:01] [main/TRACE] [REI] [REIPlugin START] Reloading Section: "reloadable-plugin/FluidComparatorRegistryImpl/DefaultPluginImpl of DefaultPluginImpl [roughlyenoughitems]/" done in 9.500 μs
[14:28:01] [main/TRACE] [REI] [REIPlugin START] Reloading Section: "reloadable-plugin/FluidComparatorRegistryImpl/DefaultRuntimePlugin of DefaultRuntimePlugin [roughlyenoughitems]/"
[14:28:01] [main/TRACE] [REI] [REIPlugin START] Reloading Section: "reloadable-plugin/FluidComparatorRegistryImpl/DefaultRuntimePlugin of DefaultRuntimePlugin [roughlyenoughitems]/" done in 5.700 μs
[14:28:01] [main/TRACE] [REI] [REIPlugin START] Reloading Section: "reloadable-plugin/FluidComparatorRegistryImpl/" done in 136.7 μs
[14:28:01] [main/TRACE] [REI] [REIPlugin START] Reloading Section: "reloadable-plugin/DisplaySerializerRegistryImpl/"
[14:28:01] [main/TRACE] [REI] [REIPlugin START] Reloading Section: "reloadable-plugin/DisplaySerializerRegistryImpl/DefaultPluginImpl of DefaultPluginImpl [roughlyenoughitems]/"
[14:28:01] [main/TRACE] [REI] [REIPlugin START] Reloading Section: "reloadable-plugin/DisplaySerializerRegistryImpl/DefaultPluginImpl of DefaultPluginImpl [roughlyenoughitems]/" done in 5.000 μs
[14:28:01] [main/TRACE] [REI] [REIPlugin START] Reloading Section: "reloadable-plugin/DisplaySerializerRegistryImpl/DefaultRuntimePlugin of DefaultRuntimePlugin [roughlyenoughitems]/"
[14:28:01] [main/TRACE] [REI] [REIPlugin START] Reloading Section: "reloadable-plugin/DisplaySerializerRegistryImpl/DefaultRuntimePlugin of DefaultRuntimePlugin [roughlyenoughitems]/" done in 5.100 μs
[14:28:01] [main/TRACE] [REI] [REIPlugin START] Reloading Section: "reloadable-plugin/DisplaySerializerRegistryImpl/" done in 115.6 μs
[14:28:01] [main/TRACE] [REI] [REIPlugin START] Reloading Section: "reloadable-plugin/FluidSupportProviderImpl/"
[14:28:01] [main/TRACE] [REI] [REIPlugin START] Reloading Section: "reloadable-plugin/FluidSupportProviderImpl/DefaultPluginImpl of DefaultPluginImpl [roughlyenoughitems]/"
[14:28:01] [main/TRACE] [REI] [REIPlugin START] Reloading Section: "reloadable-plugin/FluidSupportProviderImpl/DefaultPluginImpl of DefaultPluginImpl [roughlyenoughitems]/" done in 339.1 μs
[14:28:01] [main/TRACE] [REI] [REIPlugin START] Reloading Section: "reloadable-plugin/FluidSupportProviderImpl/DefaultRuntimePlugin of DefaultRuntimePlugin [roughlyenoughitems]/"
[14:28:01] [main/TRACE] [REI] [REIPlugin START] Reloading Section: "reloadable-plugin/FluidSupportProviderImpl/DefaultRuntimePlugin of DefaultRuntimePlugin [roughlyenoughitems]/" done in 8.700 μs
[14:28:01] [main/TRACE] [REI] [REIPlugin START] Reloading Section: "reloadable-plugin/FluidSupportProviderImpl/" done in 526.2 μs
[14:28:01] [main/DEBUG] [REI] ========================================
[14:28:01] [main/DEBUG] [REI] REIPlugin ending main-reload for START.
[14:28:01] [main/DEBUG] [REI] ========================================
[14:28:01] [main/TRACE] [REI] [REIPlugin START] Reloading Section: "end-reload/"
[14:28:01] [main/TRACE] [REI] [REIPlugin START] Reloading Section: "end-reload/EntryTypeRegistryImpl/"
[14:28:01] [main/TRACE] [REI] [REIPlugin START] Reloading Section: "end-reload/EntryTypeRegistryImpl/" done in 8.000 μs
[14:28:01] [main/TRACE] [REI] [REIPlugin START] Reloading Section: "end-reload/EntrySettingsAdapterRegistryImpl/"
[14:28:01] [main/TRACE] [REI] [REIPlugin START] Reloading Section: "end-reload/EntrySettingsAdapterRegistryImpl/" done in 3.400 μs
[14:28:01] [main/TRACE] [REI] [REIPlugin START] Reloading Section: "end-reload/RecipeManagerContextImpl/"
[14:28:01] [main/TRACE] [REI] [REIPlugin START] Reloading Section: "end-reload/RecipeManagerContextImpl/" done in 3.200 μs
[14:28:01] [main/TRACE] [REI] [REIPlugin START] Reloading Section: "end-reload/ItemComparatorRegistryImpl/"
[14:28:01] [main/TRACE] [REI] [REIPlugin START] Reloading Section: "end-reload/ItemComparatorRegistryImpl/" done in 3.400 μs
[14:28:01] [main/TRACE] [REI] [REIPlugin START] Reloading Section: "end-reload/FluidComparatorRegistryImpl/"
[14:28:01] [main/TRACE] [REI] [REIPlugin START] Reloading Section: "end-reload/FluidComparatorRegistryImpl/" done in 2.900 μs
[14:28:01] [main/TRACE] [REI] [REIPlugin START] Reloading Section: "end-reload/DisplaySerializerRegistryImpl/"
[14:28:01] [main/TRACE] [REI] [REIPlugin START] Reloading Section: "end-reload/DisplaySerializerRegistryImpl/" done in 3.000 μs
[14:28:01] [main/TRACE] [REI] [REIPlugin START] Reloading Section: "end-reload/FluidSupportProviderImpl/"
[14:28:01] [main/TRACE] [REI] [REIPlugin START] Reloading Section: "end-reload/FluidSupportProviderImpl/" done in 5.600 μs
[14:28:01] [main/TRACE] [REI] [REIPlugin START] Reloading Section: "end-reload/" done in 513.6 μs
[14:28:01] [main/DEBUG] [REI] ========================================
[14:28:01] [main/DEBUG] [REI] REIPlugin ended main-reload for START in 12.88 ms.
[14:28:01] [main/DEBUG] [REI] ========================================
[14:28:01] [main/INFO] [REI] ~~~~~~~~~~~~~~~~~~~~~~~~~~~~~~~~~~~~~~~~
[14:28:01] [main/INFO] [REI] REIServerPlugin starting main-reload for START.
[14:28:01] [main/DEBUG] [REI] Reloadables (2):
[14:28:01] [main/DEBUG] [REI]  - MenuInfoRegistryImpl
[14:28:01] [main/DEBUG] [REI]  - SlotAccessorRegistryImpl
[14:28:01] [main/INFO] [REI] Plugins (2):
[14:28:01] [main/INFO] [REI]  - (-100.00) DefaultPluginImpl of DefaultPluginImpl [roughlyenoughitems]
[14:28:01] [main/INFO] [REI]  - (0.00) DefaultRuntimePlugin of DefaultRuntimePlugin [roughlyenoughitems]
[14:28:01] [main/INFO] [REI] ~~~~~~~~~~~~~~~~~~~~~~~~~~~~~~~~~~~~~~~~
[14:28:01] [main/TRACE] [REI] [REIServerPlugin START] Reloading Section: "start-reload/"
[14:28:01] [main/TRACE] [REI] [REIServerPlugin START] Reloading Section: "start-reload/MenuInfoRegistryImpl/"
[14:28:01] [main/TRACE] [REI] [REIServerPlugin START] Reloading Section: "start-reload/MenuInfoRegistryImpl/" done in 9.300 μs
[14:28:01] [main/TRACE] [REI] [REIServerPlugin START] Reloading Section: "start-reload/SlotAccessorRegistryImpl/"
[14:28:01] [main/TRACE] [REI] [REIServerPlugin START] Reloading Section: "start-reload/SlotAccessorRegistryImpl/" done in 5.100 μs
[14:28:01] [main/TRACE] [REI] [REIServerPlugin START] Reloading Section: "start-reload/" done in 198.3 μs
[14:28:01] [main/DEBUG] [REI] ========================================
[14:28:01] [main/DEBUG] [REI] REIServerPlugin started main-reload for START.
[14:28:01] [main/DEBUG] [REI] ========================================
[14:28:01] [main/TRACE] [REI] [REIServerPlugin START] Reloading Section: "reloadable-plugin/MenuInfoRegistryImpl/"
[14:28:01] [main/TRACE] [REI] [REIServerPlugin START] Reloading Section: "reloadable-plugin/MenuInfoRegistryImpl/DefaultPluginImpl of DefaultPluginImpl [roughlyenoughitems]/"
[14:28:01] [main/TRACE] [REI] [REIServerPlugin START] Reloading Section: "reloadable-plugin/MenuInfoRegistryImpl/DefaultPluginImpl of DefaultPluginImpl [roughlyenoughitems]/" done in 8.100 μs
[14:28:01] [main/TRACE] [REI] [REIServerPlugin START] Reloading Section: "reloadable-plugin/MenuInfoRegistryImpl/DefaultRuntimePlugin of DefaultRuntimePlugin [roughlyenoughitems]/"
[14:28:01] [main/TRACE] [REI] [REIServerPlugin START] Reloading Section: "reloadable-plugin/MenuInfoRegistryImpl/DefaultRuntimePlugin of DefaultRuntimePlugin [roughlyenoughitems]/" done in 5.300 μs
[14:28:01] [main/TRACE] [REI] [REIServerPlugin START] Reloading Section: "reloadable-plugin/MenuInfoRegistryImpl/" done in 153.1 μs
[14:28:01] [main/TRACE] [REI] [REIServerPlugin START] Reloading Section: "reloadable-plugin/SlotAccessorRegistryImpl/"
[14:28:01] [main/TRACE] [REI] [REIServerPlugin START] Reloading Section: "reloadable-plugin/SlotAccessorRegistryImpl/DefaultPluginImpl of DefaultPluginImpl [roughlyenoughitems]/"
[14:28:01] [main/TRACE] [REI] [REIServerPlugin START] Reloading Section: "reloadable-plugin/SlotAccessorRegistryImpl/DefaultPluginImpl of DefaultPluginImpl [roughlyenoughitems]/" done in 7.000 μs
[14:28:01] [main/TRACE] [REI] [REIServerPlugin START] Reloading Section: "reloadable-plugin/SlotAccessorRegistryImpl/DefaultRuntimePlugin of DefaultRuntimePlugin [roughlyenoughitems]/"
[14:28:01] [main/TRACE] [REI] [REIServerPlugin START] Reloading Section: "reloadable-plugin/SlotAccessorRegistryImpl/DefaultRuntimePlugin of DefaultRuntimePlugin [roughlyenoughitems]/" done in 6.600 μs
[14:28:01] [main/TRACE] [REI] [REIServerPlugin START] Reloading Section: "reloadable-plugin/SlotAccessorRegistryImpl/" done in 148.6 μs
[14:28:01] [main/DEBUG] [REI] ========================================
[14:28:01] [main/DEBUG] [REI] REIServerPlugin ending main-reload for START.
[14:28:01] [main/DEBUG] [REI] ========================================
[14:28:01] [main/TRACE] [REI] [REIServerPlugin START] Reloading Section: "end-reload/"
[14:28:01] [main/TRACE] [REI] [REIServerPlugin START] Reloading Section: "end-reload/MenuInfoRegistryImpl/"
[14:28:01] [main/TRACE] [REI] [REIServerPlugin START] Reloading Section: "end-reload/MenuInfoRegistryImpl/" done in 5.500 μs
[14:28:01] [main/TRACE] [REI] [REIServerPlugin START] Reloading Section: "end-reload/SlotAccessorRegistryImpl/"
[14:28:01] [main/TRACE] [REI] [REIServerPlugin START] Reloading Section: "end-reload/SlotAccessorRegistryImpl/" done in 3.300 μs
[14:28:01] [main/TRACE] [REI] [REIServerPlugin START] Reloading Section: "end-reload/" done in 138.7 μs
[14:28:01] [main/DEBUG] [REI] ========================================
[14:28:01] [main/DEBUG] [REI] REIServerPlugin ended main-reload for START in 2.222 ms.
[14:28:01] [main/DEBUG] [REI] ========================================
[14:28:01] [main/DEBUG] [REI] ========================================
[14:28:01] [main/DEBUG] [REI] REIPlugin starting post-reload for START.
[14:28:01] [main/DEBUG] [REI] Reloadables (7):
[14:28:01] [main/DEBUG] [REI]  - EntryTypeRegistryImpl
[14:28:01] [main/DEBUG] [REI]  - EntrySettingsAdapterRegistryImpl
[14:28:01] [main/DEBUG] [REI]  - RecipeManagerContextImpl
[14:28:01] [main/DEBUG] [REI]  - ItemComparatorRegistryImpl
[14:28:01] [main/DEBUG] [REI]  - FluidComparatorRegistryImpl
[14:28:01] [main/DEBUG] [REI]  - DisplaySerializerRegistryImpl
[14:28:01] [main/DEBUG] [REI]  - FluidSupportProviderImpl
[14:28:01] [main/DEBUG] [REI] Plugins (2):
[14:28:01] [main/DEBUG] [REI]  - (-100.00) DefaultPluginImpl of DefaultPluginImpl [roughlyenoughitems]
[14:28:01] [main/DEBUG] [REI]  - (0.00) DefaultRuntimePlugin of DefaultRuntimePlugin [roughlyenoughitems]
[14:28:01] [main/DEBUG] [REI] ========================================
[14:28:01] [main/TRACE] [REI] [REIPlugin START] Reloading Section: "post-register/"
[14:28:01] [main/TRACE] [REI] [REIPlugin START] Reloading Section: "post-register/DefaultPluginImpl of DefaultPluginImpl [roughlyenoughitems]/"
[14:28:01] [main/TRACE] [REI] [REIPlugin START] Reloading Section: "post-register/DefaultPluginImpl of DefaultPluginImpl [roughlyenoughitems]/" done in 189.1 μs
[14:28:01] [main/TRACE] [REI] [REIPlugin START] Reloading Section: "post-register/DefaultRuntimePlugin of DefaultRuntimePlugin [roughlyenoughitems]/"
[14:28:01] [main/TRACE] [REI] [REIPlugin START] Reloading Section: "post-register/DefaultRuntimePlugin of DefaultRuntimePlugin [roughlyenoughitems]/" done in 10.00 μs
[14:28:01] [main/TRACE] [REI] [REIPlugin START] Reloading Section: "post-register/" done in 674.9 μs
[14:28:01] [main/TRACE] [REI] [REIPlugin START] Reloading Section: "post-stage/"
[14:28:01] [main/TRACE] [REI] [REIPlugin START] Reloading Section: "post-stage/EntryTypeRegistryImpl/"
[14:28:01] [main/TRACE] [REI] [REIPlugin START] Reloading Section: "post-stage/EntryTypeRegistryImpl/" done in 7.700 μs
[14:28:01] [main/TRACE] [REI] [REIPlugin START] Reloading Section: "post-stage/EntrySettingsAdapterRegistryImpl/"
[14:28:01] [main/TRACE] [REI] [REIPlugin START] Reloading Section: "post-stage/EntrySettingsAdapterRegistryImpl/" done in 3.400 μs
[14:28:01] [main/TRACE] [REI] [REIPlugin START] Reloading Section: "post-stage/RecipeManagerContextImpl/"
[14:28:01] [main/TRACE] [REI] [REIPlugin START] Reloading Section: "post-stage/RecipeManagerContextImpl/" done in 2.800 μs
[14:28:01] [main/TRACE] [REI] [REIPlugin START] Reloading Section: "post-stage/ItemComparatorRegistryImpl/"
[14:28:01] [main/TRACE] [REI] [REIPlugin START] Reloading Section: "post-stage/ItemComparatorRegistryImpl/" done in 2.500 μs
[14:28:01] [main/TRACE] [REI] [REIPlugin START] Reloading Section: "post-stage/FluidComparatorRegistryImpl/"
[14:28:01] [main/TRACE] [REI] [REIPlugin START] Reloading Section: "post-stage/FluidComparatorRegistryImpl/" done in 2.500 μs
[14:28:01] [main/TRACE] [REI] [REIPlugin START] Reloading Section: "post-stage/DisplaySerializerRegistryImpl/"
[14:28:01] [main/TRACE] [REI] [REIPlugin START] Reloading Section: "post-stage/DisplaySerializerRegistryImpl/" done in 2.700 μs
[14:28:01] [main/TRACE] [REI] [REIPlugin START] Reloading Section: "post-stage/FluidSupportProviderImpl/"
[14:28:01] [main/TRACE] [REI] [REIPlugin START] Reloading Section: "post-stage/FluidSupportProviderImpl/" done in 3.200 μs
[14:28:01] [main/TRACE] [REI] [REIPlugin START] Reloading Section: "post-stage/" done in 432.9 μs
[14:28:01] [main/DEBUG] [REI] ========================================
[14:28:01] [main/INFO] [REI] REIPlugin finished post-reload for START in 1.219 ms, totaling 23.97 ms.
[14:28:01] [main/DEBUG] [REI] ========================================
[14:28:01] [main/DEBUG] [REI] ========================================
[14:28:01] [main/DEBUG] [REI] REIServerPlugin starting post-reload for START.
[14:28:01] [main/DEBUG] [REI] Reloadables (2):
[14:28:01] [main/DEBUG] [REI]  - MenuInfoRegistryImpl
[14:28:01] [main/DEBUG] [REI]  - SlotAccessorRegistryImpl
[14:28:01] [main/DEBUG] [REI] Plugins (2):
[14:28:01] [main/DEBUG] [REI]  - (-100.00) DefaultPluginImpl of DefaultPluginImpl [roughlyenoughitems]
[14:28:01] [main/DEBUG] [REI]  - (0.00) DefaultRuntimePlugin of DefaultRuntimePlugin [roughlyenoughitems]
[14:28:01] [main/DEBUG] [REI] ========================================
[14:28:01] [main/TRACE] [REI] [REIServerPlugin START] Reloading Section: "post-register/"
[14:28:01] [main/TRACE] [REI] [REIServerPlugin START] Reloading Section: "post-register/DefaultPluginImpl of DefaultPluginImpl [roughlyenoughitems]/"
[14:28:01] [main/TRACE] [REI] [REIServerPlugin START] Reloading Section: "post-register/DefaultPluginImpl of DefaultPluginImpl [roughlyenoughitems]/" done in 6.700 μs
[14:28:01] [main/TRACE] [REI] [REIServerPlugin START] Reloading Section: "post-register/DefaultRuntimePlugin of DefaultRuntimePlugin [roughlyenoughitems]/"
[14:28:01] [main/TRACE] [REI] [REIServerPlugin START] Reloading Section: "post-register/DefaultRuntimePlugin of DefaultRuntimePlugin [roughlyenoughitems]/" done in 4.000 μs
[14:28:01] [main/TRACE] [REI] [REIServerPlugin START] Reloading Section: "post-register/" done in 112.0 μs
[14:28:01] [main/TRACE] [REI] [REIServerPlugin START] Reloading Section: "post-stage/"
[14:28:01] [main/TRACE] [REI] [REIServerPlugin START] Reloading Section: "post-stage/MenuInfoRegistryImpl/"
[14:28:01] [main/TRACE] [REI] [REIServerPlugin START] Reloading Section: "post-stage/MenuInfoRegistryImpl/" done in 3.100 μs
[14:28:01] [main/TRACE] [REI] [REIServerPlugin START] Reloading Section: "post-stage/SlotAccessorRegistryImpl/"
[14:28:01] [main/TRACE] [REI] [REIServerPlugin START] Reloading Section: "post-stage/SlotAccessorRegistryImpl/" done in 2.500 μs
[14:28:01] [main/TRACE] [REI] [REIServerPlugin START] Reloading Section: "post-stage/" done in 117.8 μs
[14:28:01] [main/DEBUG] [REI] ========================================
[14:28:01] [main/INFO] [REI] REIServerPlugin finished post-reload for START in 300.2 μs, totaling 3.066 ms.
[14:28:01] [main/DEBUG] [REI] ========================================
[14:28:01] [main/DEBUG] [REI] ========================================
[14:28:01] [main/DEBUG] [REI] REIPlugin starting pre-reload for END.
[14:28:01] [main/DEBUG] [REI] Reloadables (7):
[14:28:01] [main/DEBUG] [REI]  - EntryTypeRegistryImpl
[14:28:01] [main/DEBUG] [REI]  - EntrySettingsAdapterRegistryImpl
[14:28:01] [main/DEBUG] [REI]  - RecipeManagerContextImpl
[14:28:01] [main/DEBUG] [REI]  - ItemComparatorRegistryImpl
[14:28:01] [main/DEBUG] [REI]  - FluidComparatorRegistryImpl
[14:28:01] [main/DEBUG] [REI]  - DisplaySerializerRegistryImpl
[14:28:01] [main/DEBUG] [REI]  - FluidSupportProviderImpl
[14:28:01] [main/DEBUG] [REI] Plugins (2):
[14:28:01] [main/DEBUG] [REI]  - (-100.00) DefaultPluginImpl of DefaultPluginImpl [roughlyenoughitems]
[14:28:01] [main/DEBUG] [REI]  - (0.00) DefaultRuntimePlugin of DefaultRuntimePlugin [roughlyenoughitems]
[14:28:01] [main/DEBUG] [REI] ========================================
[14:28:01] [main/TRACE] [REI] [REIPlugin END] Reloading Section: "pre-register/"
[14:28:01] [main/TRACE] [REI] [REIPlugin END] Reloading Section: "pre-register/DefaultPluginImpl of DefaultPluginImpl [roughlyenoughitems]/"
[14:28:01] [main/TRACE] [REI] [REIPlugin END] Reloading Section: "pre-register/DefaultPluginImpl of DefaultPluginImpl [roughlyenoughitems]/" done in 6.800 μs
[14:28:01] [main/TRACE] [REI] [REIPlugin END] Reloading Section: "pre-register/DefaultRuntimePlugin of DefaultRuntimePlugin [roughlyenoughitems]/"
[14:28:01] [main/TRACE] [REI] [REIPlugin END] Reloading Section: "pre-register/DefaultRuntimePlugin of DefaultRuntimePlugin [roughlyenoughitems]/" done in 3.900 μs
[14:28:01] [main/TRACE] [REI] [REIPlugin END] Reloading Section: "pre-register/" done in 108.1 μs
[14:28:01] [main/TRACE] [REI] [REIPlugin END] Reloading Section: "pre-stage/"
[14:28:01] [main/TRACE] [REI] [REIPlugin END] Reloading Section: "pre-stage/EntryTypeRegistryImpl/"
[14:28:01] [main/TRACE] [REI] [REIPlugin END] Reloading Section: "pre-stage/EntryTypeRegistryImpl/" done in 3.200 μs
[14:28:01] [main/TRACE] [REI] [REIPlugin END] Reloading Section: "pre-stage/EntrySettingsAdapterRegistryImpl/"
[14:28:01] [main/TRACE] [REI] [REIPlugin END] Reloading Section: "pre-stage/EntrySettingsAdapterRegistryImpl/" done in 3.100 μs
[14:28:01] [main/TRACE] [REI] [REIPlugin END] Reloading Section: "pre-stage/RecipeManagerContextImpl/"
[14:28:01] [main/TRACE] [REI] [REIPlugin END] Reloading Section: "pre-stage/RecipeManagerContextImpl/" done in 2.600 μs
[14:28:01] [main/TRACE] [REI] [REIPlugin END] Reloading Section: "pre-stage/ItemComparatorRegistryImpl/"
[14:28:01] [main/TRACE] [REI] [REIPlugin END] Reloading Section: "pre-stage/ItemComparatorRegistryImpl/" done in 2.400 μs
[14:28:01] [main/TRACE] [REI] [REIPlugin END] Reloading Section: "pre-stage/FluidComparatorRegistryImpl/"
[14:28:01] [main/TRACE] [REI] [REIPlugin END] Reloading Section: "pre-stage/FluidComparatorRegistryImpl/" done in 2.600 μs
[14:28:01] [main/TRACE] [REI] [REIPlugin END] Reloading Section: "pre-stage/DisplaySerializerRegistryImpl/"
[14:28:01] [main/TRACE] [REI] [REIPlugin END] Reloading Section: "pre-stage/DisplaySerializerRegistryImpl/" done in 2.500 μs
[14:28:01] [main/TRACE] [REI] [REIPlugin END] Reloading Section: "pre-stage/FluidSupportProviderImpl/"
[14:28:01] [main/TRACE] [REI] [REIPlugin END] Reloading Section: "pre-stage/FluidSupportProviderImpl/" done in 2.500 μs
[14:28:01] [main/TRACE] [REI] [REIPlugin END] Reloading Section: "pre-stage/" done in 295.5 μs
[14:28:01] [main/DEBUG] [REI] ========================================
[14:28:01] [main/DEBUG] [REI] REIPlugin finished pre-reload for END in 471.2 μs.
[14:28:01] [main/DEBUG] [REI] ========================================
[14:28:01] [main/DEBUG] [REI] ========================================
[14:28:01] [main/DEBUG] [REI] REIServerPlugin starting pre-reload for END.
[14:28:01] [main/DEBUG] [REI] Reloadables (2):
[14:28:01] [main/DEBUG] [REI]  - MenuInfoRegistryImpl
[14:28:01] [main/DEBUG] [REI]  - SlotAccessorRegistryImpl
[14:28:01] [main/DEBUG] [REI] Plugins (2):
[14:28:01] [main/DEBUG] [REI]  - (-100.00) DefaultPluginImpl of DefaultPluginImpl [roughlyenoughitems]
[14:28:01] [main/DEBUG] [REI]  - (0.00) DefaultRuntimePlugin of DefaultRuntimePlugin [roughlyenoughitems]
[14:28:01] [main/DEBUG] [REI] ========================================
[14:28:01] [main/TRACE] [REI] [REIServerPlugin END] Reloading Section: "pre-register/"
[14:28:01] [main/TRACE] [REI] [REIServerPlugin END] Reloading Section: "pre-register/DefaultPluginImpl of DefaultPluginImpl [roughlyenoughitems]/"
[14:28:01] [main/TRACE] [REI] [REIServerPlugin END] Reloading Section: "pre-register/DefaultPluginImpl of DefaultPluginImpl [roughlyenoughitems]/" done in 8.500 μs
[14:28:01] [main/TRACE] [REI] [REIServerPlugin END] Reloading Section: "pre-register/DefaultRuntimePlugin of DefaultRuntimePlugin [roughlyenoughitems]/"
[14:28:01] [main/TRACE] [REI] [REIServerPlugin END] Reloading Section: "pre-register/DefaultRuntimePlugin of DefaultRuntimePlugin [roughlyenoughitems]/" done in 8.700 μs
[14:28:01] [main/TRACE] [REI] [REIServerPlugin END] Reloading Section: "pre-register/" done in 235.6 μs
[14:28:01] [main/TRACE] [REI] [REIServerPlugin END] Reloading Section: "pre-stage/"
[14:28:01] [main/TRACE] [REI] [REIServerPlugin END] Reloading Section: "pre-stage/MenuInfoRegistryImpl/"
[14:28:01] [main/TRACE] [REI] [REIServerPlugin END] Reloading Section: "pre-stage/MenuInfoRegistryImpl/" done in 4.300 μs
[14:28:01] [main/TRACE] [REI] [REIServerPlugin END] Reloading Section: "pre-stage/SlotAccessorRegistryImpl/"
[14:28:01] [main/TRACE] [REI] [REIServerPlugin END] Reloading Section: "pre-stage/SlotAccessorRegistryImpl/" done in 3.700 μs
[14:28:01] [main/TRACE] [REI] [REIServerPlugin END] Reloading Section: "pre-stage/" done in 815.0 μs
[14:28:01] [main/DEBUG] [REI] ========================================
[14:28:01] [main/DEBUG] [REI] REIServerPlugin finished pre-reload for END in 1.246 ms.
[14:28:01] [main/DEBUG] [REI] ========================================
[14:28:01] [main/INFO] [REI] OOOOOOOOOOOOOOOOOOOOOOOOOOOOOOOOOOOOOOOO
[14:28:01] [main/INFO] [REI] REIPlugin starting main-reload for END.
[14:28:01] [main/DEBUG] [REI] Reloadables (7):
[14:28:01] [main/DEBUG] [REI]  - EntryTypeRegistryImpl
[14:28:01] [main/DEBUG] [REI]  - EntrySettingsAdapterRegistryImpl
[14:28:01] [main/DEBUG] [REI]  - RecipeManagerContextImpl
[14:28:01] [main/DEBUG] [REI]  - ItemComparatorRegistryImpl
[14:28:01] [main/DEBUG] [REI]  - FluidComparatorRegistryImpl
[14:28:01] [main/DEBUG] [REI]  - DisplaySerializerRegistryImpl
[14:28:01] [main/DEBUG] [REI]  - FluidSupportProviderImpl
[14:28:01] [main/INFO] [REI] Plugins (2):
[14:28:01] [main/INFO] [REI]  - (-100.00) DefaultPluginImpl of DefaultPluginImpl [roughlyenoughitems]
[14:28:01] [main/INFO] [REI]  - (0.00) DefaultRuntimePlugin of DefaultRuntimePlugin [roughlyenoughitems]
[14:28:01] [main/INFO] [REI] OOOOOOOOOOOOOOOOOOOOOOOOOOOOOOOOOOOOOOOO
[14:28:01] [main/TRACE] [REI] [REIPlugin END] Reloading Section: "start-reload/"
[14:28:01] [main/TRACE] [REI] [REIPlugin END] Reloading Section: "start-reload/EntryTypeRegistryImpl/"
[14:28:01] [main/TRACE] [REI] [REIPlugin END] Reloading Section: "start-reload/EntryTypeRegistryImpl/" done in 8.400 μs
[14:28:01] [main/TRACE] [REI] [REIPlugin END] Reloading Section: "start-reload/EntrySettingsAdapterRegistryImpl/"
[14:28:01] [main/TRACE] [REI] [REIPlugin END] Reloading Section: "start-reload/EntrySettingsAdapterRegistryImpl/" done in 14.30 μs
[14:28:01] [main/TRACE] [REI] [REIPlugin END] Reloading Section: "start-reload/RecipeManagerContextImpl/"
[14:28:01] [main/TRACE] [REI] [REIPlugin END] Reloading Section: "start-reload/RecipeManagerContextImpl/" done in 3.900 μs
[14:28:01] [main/TRACE] [REI] [REIPlugin END] Reloading Section: "start-reload/ItemComparatorRegistryImpl/"
[14:28:01] [main/TRACE] [REI] [REIPlugin END] Reloading Section: "start-reload/ItemComparatorRegistryImpl/" done in 5.400 μs
[14:28:01] [main/TRACE] [REI] [REIPlugin END] Reloading Section: "start-reload/FluidComparatorRegistryImpl/"
[14:28:01] [main/TRACE] [REI] [REIPlugin END] Reloading Section: "start-reload/FluidComparatorRegistryImpl/" done in 2.600 μs
[14:28:01] [main/TRACE] [REI] [REIPlugin END] Reloading Section: "start-reload/DisplaySerializerRegistryImpl/"
[14:28:01] [main/TRACE] [REI] [REIPlugin END] Reloading Section: "start-reload/DisplaySerializerRegistryImpl/" done in 22.30 μs
[14:28:01] [main/TRACE] [REI] [REIPlugin END] Reloading Section: "start-reload/FluidSupportProviderImpl/"
[14:28:01] [main/TRACE] [REI] [REIPlugin END] Reloading Section: "start-reload/FluidSupportProviderImpl/" done in 6.600 μs
[14:28:01] [main/TRACE] [REI] [REIPlugin END] Reloading Section: "start-reload/" done in 560.3 μs
[14:28:01] [main/DEBUG] [REI] ========================================
[14:28:01] [main/DEBUG] [REI] REIPlugin started main-reload for END.
[14:28:01] [main/DEBUG] [REI] ========================================
[14:28:01] [main/TRACE] [REI] [REIPlugin END] Reloading Section: "reloadable-plugin/EntryTypeRegistryImpl/"
[14:28:01] [main/TRACE] [REI] [REIPlugin END] Reloading Section: "reloadable-plugin/EntryTypeRegistryImpl/DefaultPluginImpl of DefaultPluginImpl [roughlyenoughitems]/"
[14:28:01] [main/TRACE] [REI] [REIPlugin END] Reloading Section: "reloadable-plugin/EntryTypeRegistryImpl/DefaultPluginImpl of DefaultPluginImpl [roughlyenoughitems]/" done in 10.10 μs
[14:28:01] [main/TRACE] [REI] [REIPlugin END] Reloading Section: "reloadable-plugin/EntryTypeRegistryImpl/DefaultRuntimePlugin of DefaultRuntimePlugin [roughlyenoughitems]/"
[14:28:01] [main/TRACE] [REI] [REIPlugin END] Reloading Section: "reloadable-plugin/EntryTypeRegistryImpl/DefaultRuntimePlugin of DefaultRuntimePlugin [roughlyenoughitems]/" done in 6.000 μs
[14:28:01] [main/TRACE] [REI] [REIPlugin END] Reloading Section: "reloadable-plugin/EntryTypeRegistryImpl/" done in 183.8 μs
[14:28:01] [main/TRACE] [REI] [REIPlugin END] Reloading Section: "reloadable-plugin/EntrySettingsAdapterRegistryImpl/"
[14:28:01] [main/TRACE] [REI] [REIPlugin END] Reloading Section: "reloadable-plugin/EntrySettingsAdapterRegistryImpl/DefaultPluginImpl of DefaultPluginImpl [roughlyenoughitems]/"
[14:28:01] [main/TRACE] [REI] [REIPlugin END] Reloading Section: "reloadable-plugin/EntrySettingsAdapterRegistryImpl/DefaultPluginImpl of DefaultPluginImpl [roughlyenoughitems]/" done in 15.20 μs
[14:28:01] [main/TRACE] [REI] [REIPlugin END] Reloading Section: "reloadable-plugin/EntrySettingsAdapterRegistryImpl/DefaultRuntimePlugin of DefaultRuntimePlugin [roughlyenoughitems]/"
[14:28:01] [main/TRACE] [REI] [REIPlugin END] Reloading Section: "reloadable-plugin/EntrySettingsAdapterRegistryImpl/DefaultRuntimePlugin of DefaultRuntimePlugin [roughlyenoughitems]/" done in 13.70 μs
[14:28:01] [main/TRACE] [REI] [REIPlugin END] Reloading Section: "reloadable-plugin/EntrySettingsAdapterRegistryImpl/" done in 184.3 μs
[14:28:01] [main/TRACE] [REI] [REIPlugin END] Reloading Section: "reloadable-plugin/RecipeManagerContextImpl/"
[14:28:01] [main/TRACE] [REI] [REIPlugin END] Reloading Section: "reloadable-plugin/RecipeManagerContextImpl/DefaultPluginImpl of DefaultPluginImpl [roughlyenoughitems]/"
[14:28:01] [main/TRACE] [REI] [REIPlugin END] Reloading Section: "reloadable-plugin/RecipeManagerContextImpl/DefaultPluginImpl of DefaultPluginImpl [roughlyenoughitems]/" done in 5.300 μs
[14:28:01] [main/TRACE] [REI] [REIPlugin END] Reloading Section: "reloadable-plugin/RecipeManagerContextImpl/DefaultRuntimePlugin of DefaultRuntimePlugin [roughlyenoughitems]/"
[14:28:01] [main/TRACE] [REI] [REIPlugin END] Reloading Section: "reloadable-plugin/RecipeManagerContextImpl/DefaultRuntimePlugin of DefaultRuntimePlugin [roughlyenoughitems]/" done in 4.600 μs
[14:28:01] [main/TRACE] [REI] [REIPlugin END] Reloading Section: "reloadable-plugin/RecipeManagerContextImpl/" done in 98.20 μs
[14:28:01] [main/TRACE] [REI] [REIPlugin END] Reloading Section: "reloadable-plugin/ItemComparatorRegistryImpl/"
[14:28:01] [main/TRACE] [REI] [REIPlugin END] Reloading Section: "reloadable-plugin/ItemComparatorRegistryImpl/DefaultPluginImpl of DefaultPluginImpl [roughlyenoughitems]/"
[14:28:01] [main/TRACE] [REI] [REIPlugin END] Reloading Section: "reloadable-plugin/ItemComparatorRegistryImpl/DefaultPluginImpl of DefaultPluginImpl [roughlyenoughitems]/" done in 10.90 μs
[14:28:01] [main/TRACE] [REI] [REIPlugin END] Reloading Section: "reloadable-plugin/ItemComparatorRegistryImpl/DefaultRuntimePlugin of DefaultRuntimePlugin [roughlyenoughitems]/"
[14:28:01] [main/TRACE] [REI] [REIPlugin END] Reloading Section: "reloadable-plugin/ItemComparatorRegistryImpl/DefaultRuntimePlugin of DefaultRuntimePlugin [roughlyenoughitems]/" done in 8.800 μs
[14:28:01] [main/TRACE] [REI] [REIPlugin END] Reloading Section: "reloadable-plugin/ItemComparatorRegistryImpl/" done in 195.4 μs
[14:28:01] [main/TRACE] [REI] [REIPlugin END] Reloading Section: "reloadable-plugin/FluidComparatorRegistryImpl/"
[14:28:01] [main/TRACE] [REI] [REIPlugin END] Reloading Section: "reloadable-plugin/FluidComparatorRegistryImpl/DefaultPluginImpl of DefaultPluginImpl [roughlyenoughitems]/"
[14:28:01] [main/TRACE] [REI] [REIPlugin END] Reloading Section: "reloadable-plugin/FluidComparatorRegistryImpl/DefaultPluginImpl of DefaultPluginImpl [roughlyenoughitems]/" done in 7.700 μs
[14:28:01] [main/TRACE] [REI] [REIPlugin END] Reloading Section: "reloadable-plugin/FluidComparatorRegistryImpl/DefaultRuntimePlugin of DefaultRuntimePlugin [roughlyenoughitems]/"
[14:28:01] [main/TRACE] [REI] [REIPlugin END] Reloading Section: "reloadable-plugin/FluidComparatorRegistryImpl/DefaultRuntimePlugin of DefaultRuntimePlugin [roughlyenoughitems]/" done in 8.000 μs
[14:28:01] [main/TRACE] [REI] [REIPlugin END] Reloading Section: "reloadable-plugin/FluidComparatorRegistryImpl/" done in 157.9 μs
[14:28:01] [main/TRACE] [REI] [REIPlugin END] Reloading Section: "reloadable-plugin/DisplaySerializerRegistryImpl/"
[14:28:01] [main/TRACE] [REI] [REIPlugin END] Reloading Section: "reloadable-plugin/DisplaySerializerRegistryImpl/DefaultPluginImpl of DefaultPluginImpl [roughlyenoughitems]/"
[14:28:01] [main/TRACE] [REI] [REIPlugin END] Reloading Section: "reloadable-plugin/DisplaySerializerRegistryImpl/DefaultPluginImpl of DefaultPluginImpl [roughlyenoughitems]/" done in 16.97 ms
[14:28:01] [main/TRACE] [REI] [REIPlugin END] Reloading Section: "reloadable-plugin/DisplaySerializerRegistryImpl/DefaultRuntimePlugin of DefaultRuntimePlugin [roughlyenoughitems]/"
[14:28:01] [main/TRACE] [REI] [REIPlugin END] Reloading Section: "reloadable-plugin/DisplaySerializerRegistryImpl/DefaultRuntimePlugin of DefaultRuntimePlugin [roughlyenoughitems]/" done in 21.50 μs
[14:28:01] [main/TRACE] [REI] [REIPlugin END] Reloading Section: "reloadable-plugin/DisplaySerializerRegistryImpl/" done in 17.32 ms
[14:28:01] [main/TRACE] [REI] [REIPlugin END] Reloading Section: "reloadable-plugin/FluidSupportProviderImpl/"
[14:28:01] [main/TRACE] [REI] [REIPlugin END] Reloading Section: "reloadable-plugin/FluidSupportProviderImpl/DefaultPluginImpl of DefaultPluginImpl [roughlyenoughitems]/"
[14:28:01] [main/TRACE] [REI] [REIPlugin END] Reloading Section: "reloadable-plugin/FluidSupportProviderImpl/DefaultPluginImpl of DefaultPluginImpl [roughlyenoughitems]/" done in 5.300 μs
[14:28:01] [main/TRACE] [REI] [REIPlugin END] Reloading Section: "reloadable-plugin/FluidSupportProviderImpl/DefaultRuntimePlugin of DefaultRuntimePlugin [roughlyenoughitems]/"
[14:28:01] [main/TRACE] [REI] [REIPlugin END] Reloading Section: "reloadable-plugin/FluidSupportProviderImpl/DefaultRuntimePlugin of DefaultRuntimePlugin [roughlyenoughitems]/" done in 4.600 μs
[14:28:01] [main/TRACE] [REI] [REIPlugin END] Reloading Section: "reloadable-plugin/FluidSupportProviderImpl/" done in 102.7 μs
[14:28:01] [main/DEBUG] [REI] ========================================
[14:28:01] [main/DEBUG] [REI] REIPlugin ending main-reload for END.
[14:28:01] [main/DEBUG] [REI] ========================================
[14:28:01] [main/TRACE] [REI] [REIPlugin END] Reloading Section: "end-reload/"
[14:28:01] [main/TRACE] [REI] [REIPlugin END] Reloading Section: "end-reload/EntryTypeRegistryImpl/"
[14:28:01] [main/TRACE] [REI] [REIPlugin END] Reloading Section: "end-reload/EntryTypeRegistryImpl/" done in 25.70 μs
[14:28:01] [main/TRACE] [REI] [REIPlugin END] Reloading Section: "end-reload/EntrySettingsAdapterRegistryImpl/"
[14:28:01] [main/TRACE] [REI] [REIPlugin END] Reloading Section: "end-reload/EntrySettingsAdapterRegistryImpl/" done in 2.900 μs
[14:28:01] [main/TRACE] [REI] [REIPlugin END] Reloading Section: "end-reload/RecipeManagerContextImpl/"
[14:28:01] [main/TRACE] [REI] [REIPlugin END] Reloading Section: "end-reload/RecipeManagerContextImpl/" done in 2.300 μs
[14:28:01] [main/TRACE] [REI] [REIPlugin END] Reloading Section: "end-reload/ItemComparatorRegistryImpl/"
[14:28:01] [main/TRACE] [REI] [REIPlugin END] Reloading Section: "end-reload/ItemComparatorRegistryImpl/" done in 3.100 μs
[14:28:01] [main/TRACE] [REI] [REIPlugin END] Reloading Section: "end-reload/FluidComparatorRegistryImpl/"
[14:28:01] [main/TRACE] [REI] [REIPlugin END] Reloading Section: "end-reload/FluidComparatorRegistryImpl/" done in 2.000 μs
[14:28:01] [main/TRACE] [REI] [REIPlugin END] Reloading Section: "end-reload/DisplaySerializerRegistryImpl/"
[14:28:01] [main/TRACE] [REI] [REIPlugin END] Reloading Section: "end-reload/DisplaySerializerRegistryImpl/" done in 1.700 μs
[14:28:01] [main/TRACE] [REI] [REIPlugin END] Reloading Section: "end-reload/FluidSupportProviderImpl/"
[14:28:01] [main/TRACE] [REI] [REIPlugin END] Reloading Section: "end-reload/FluidSupportProviderImpl/" done in 2.400 μs
[14:28:01] [main/TRACE] [REI] [REIPlugin END] Reloading Section: "end-reload/" done in 239.5 μs
[14:28:01] [main/DEBUG] [REI] ========================================
[14:28:01] [main/DEBUG] [REI] REIPlugin ended main-reload for END in 21.00 ms.
[14:28:01] [main/DEBUG] [REI] ========================================
[14:28:01] [main/INFO] [REI] ----------------------------------------
[14:28:01] [main/INFO] [REI] REIServerPlugin starting main-reload for END.
[14:28:01] [main/DEBUG] [REI] Reloadables (2):
[14:28:01] [main/DEBUG] [REI]  - MenuInfoRegistryImpl
[14:28:01] [main/DEBUG] [REI]  - SlotAccessorRegistryImpl
[14:28:01] [main/INFO] [REI] Plugins (2):
[14:28:01] [main/INFO] [REI]  - (-100.00) DefaultPluginImpl of DefaultPluginImpl [roughlyenoughitems]
[14:28:01] [main/INFO] [REI]  - (0.00) DefaultRuntimePlugin of DefaultRuntimePlugin [roughlyenoughitems]
[14:28:01] [main/INFO] [REI] ----------------------------------------
[14:28:01] [main/TRACE] [REI] [REIServerPlugin END] Reloading Section: "start-reload/"
[14:28:01] [main/TRACE] [REI] [REIServerPlugin END] Reloading Section: "start-reload/MenuInfoRegistryImpl/"
[14:28:01] [main/TRACE] [REI] [REIServerPlugin END] Reloading Section: "start-reload/MenuInfoRegistryImpl/" done in 15.70 μs
[14:28:01] [main/TRACE] [REI] [REIServerPlugin END] Reloading Section: "start-reload/SlotAccessorRegistryImpl/"
[14:28:01] [main/TRACE] [REI] [REIServerPlugin END] Reloading Section: "start-reload/SlotAccessorRegistryImpl/" done in 5.800 μs
[14:28:01] [main/TRACE] [REI] [REIServerPlugin END] Reloading Section: "start-reload/" done in 142.0 μs
[14:28:01] [main/DEBUG] [REI] ========================================
[14:28:01] [main/DEBUG] [REI] REIServerPlugin started main-reload for END.
[14:28:01] [main/DEBUG] [REI] ========================================
[14:28:01] [main/TRACE] [REI] [REIServerPlugin END] Reloading Section: "reloadable-plugin/MenuInfoRegistryImpl/"
[14:28:01] [main/TRACE] [REI] [REIServerPlugin END] Reloading Section: "reloadable-plugin/MenuInfoRegistryImpl/DefaultPluginImpl of DefaultPluginImpl [roughlyenoughitems]/"
[14:28:01] [main/TRACE] [REI] [REIServerPlugin END] Reloading Section: "reloadable-plugin/MenuInfoRegistryImpl/DefaultPluginImpl of DefaultPluginImpl [roughlyenoughitems]/" done in 13.30 μs
[14:28:01] [main/TRACE] [REI] [REIServerPlugin END] Reloading Section: "reloadable-plugin/MenuInfoRegistryImpl/DefaultRuntimePlugin of DefaultRuntimePlugin [roughlyenoughitems]/"
[14:28:01] [main/TRACE] [REI] [REIServerPlugin END] Reloading Section: "reloadable-plugin/MenuInfoRegistryImpl/DefaultRuntimePlugin of DefaultRuntimePlugin [roughlyenoughitems]/" done in 4.200 μs
[14:28:01] [main/TRACE] [REI] [REIServerPlugin END] Reloading Section: "reloadable-plugin/MenuInfoRegistryImpl/" done in 98.70 μs
[14:28:01] [main/TRACE] [REI] [REIServerPlugin END] Reloading Section: "reloadable-plugin/SlotAccessorRegistryImpl/"
[14:28:01] [main/TRACE] [REI] [REIServerPlugin END] Reloading Section: "reloadable-plugin/SlotAccessorRegistryImpl/DefaultPluginImpl of DefaultPluginImpl [roughlyenoughitems]/"
[14:28:01] [main/TRACE] [REI] [REIServerPlugin END] Reloading Section: "reloadable-plugin/SlotAccessorRegistryImpl/DefaultPluginImpl of DefaultPluginImpl [roughlyenoughitems]/" done in 7.100 μs
[14:28:01] [main/TRACE] [REI] [REIServerPlugin END] Reloading Section: "reloadable-plugin/SlotAccessorRegistryImpl/DefaultRuntimePlugin of DefaultRuntimePlugin [roughlyenoughitems]/"
[14:28:01] [main/DEBUG] [REI] Added slot accessor serializer: me.shedaniel.rei.plugin.common.runtime.DefaultRuntimePlugin$1@6229ec3 [roughlyenoughitems:vanilla]
[14:28:01] [main/DEBUG] [REI] Added slot accessor serializer: me.shedaniel.rei.plugin.common.runtime.DefaultRuntimePlugin$2@6437c5e4 [roughlyenoughitems:player]
[14:28:01] [main/TRACE] [REI] [REIServerPlugin END] Reloading Section: "reloadable-plugin/SlotAccessorRegistryImpl/DefaultRuntimePlugin of DefaultRuntimePlugin [roughlyenoughitems]/" done in 1.489 ms
[14:28:01] [main/TRACE] [REI] [REIServerPlugin END] Reloading Section: "reloadable-plugin/SlotAccessorRegistryImpl/" done in 1.613 ms
[14:28:01] [main/DEBUG] [REI] ========================================
[14:28:01] [main/DEBUG] [REI] REIServerPlugin ending main-reload for END.
[14:28:01] [main/DEBUG] [REI] ========================================
[14:28:01] [main/TRACE] [REI] [REIServerPlugin END] Reloading Section: "end-reload/"
[14:28:01] [main/TRACE] [REI] [REIServerPlugin END] Reloading Section: "end-reload/MenuInfoRegistryImpl/"
[14:28:01] [main/DEBUG] [REI] Registered 0 menu infos
[14:28:01] [main/TRACE] [REI] [REIServerPlugin END] Reloading Section: "end-reload/MenuInfoRegistryImpl/" done in 64.00 μs
[14:28:01] [main/TRACE] [REI] [REIServerPlugin END] Reloading Section: "end-reload/SlotAccessorRegistryImpl/"
[14:28:01] [main/DEBUG] [REI] Registered 2 slot accessor serializers
[14:28:01] [main/TRACE] [REI] [REIServerPlugin END] Reloading Section: "end-reload/SlotAccessorRegistryImpl/" done in 31.80 μs
[14:28:01] [main/TRACE] [REI] [REIServerPlugin END] Reloading Section: "end-reload/" done in 190.7 μs
[14:28:01] [main/DEBUG] [REI] ========================================
[14:28:01] [main/DEBUG] [REI] REIServerPlugin ended main-reload for END in 3.725 ms.
[14:28:01] [main/DEBUG] [REI] ========================================
[14:28:01] [main/DEBUG] [REI] ========================================
[14:28:01] [main/DEBUG] [REI] REIPlugin starting post-reload for END.
[14:28:01] [main/DEBUG] [REI] Reloadables (7):
[14:28:01] [main/DEBUG] [REI]  - EntryTypeRegistryImpl
[14:28:01] [main/DEBUG] [REI]  - EntrySettingsAdapterRegistryImpl
[14:28:01] [main/DEBUG] [REI]  - RecipeManagerContextImpl
[14:28:01] [main/DEBUG] [REI]  - ItemComparatorRegistryImpl
[14:28:01] [main/DEBUG] [REI]  - FluidComparatorRegistryImpl
[14:28:01] [main/DEBUG] [REI]  - DisplaySerializerRegistryImpl
[14:28:01] [main/DEBUG] [REI]  - FluidSupportProviderImpl
[14:28:01] [main/DEBUG] [REI] Plugins (2):
[14:28:01] [main/DEBUG] [REI]  - (-100.00) DefaultPluginImpl of DefaultPluginImpl [roughlyenoughitems]
[14:28:01] [main/DEBUG] [REI]  - (0.00) DefaultRuntimePlugin of DefaultRuntimePlugin [roughlyenoughitems]
[14:28:01] [main/DEBUG] [REI] ========================================
[14:28:01] [main/TRACE] [REI] [REIPlugin END] Reloading Section: "post-register/"
[14:28:01] [main/TRACE] [REI] [REIPlugin END] Reloading Section: "post-register/DefaultPluginImpl of DefaultPluginImpl [roughlyenoughitems]/"
[14:28:01] [main/TRACE] [REI] [REIPlugin END] Reloading Section: "post-register/DefaultPluginImpl of DefaultPluginImpl [roughlyenoughitems]/" done in 8.900 μs
[14:28:01] [main/TRACE] [REI] [REIPlugin END] Reloading Section: "post-register/DefaultRuntimePlugin of DefaultRuntimePlugin [roughlyenoughitems]/"
[14:28:01] [main/TRACE] [REI] [REIPlugin END] Reloading Section: "post-register/DefaultRuntimePlugin of DefaultRuntimePlugin [roughlyenoughitems]/" done in 4.300 μs
[14:28:01] [main/TRACE] [REI] [REIPlugin END] Reloading Section: "post-register/" done in 102.3 μs
[14:28:01] [main/TRACE] [REI] [REIPlugin END] Reloading Section: "post-stage/"
[14:28:01] [main/TRACE] [REI] [REIPlugin END] Reloading Section: "post-stage/EntryTypeRegistryImpl/"
[14:28:01] [main/TRACE] [REI] [REIPlugin END] Reloading Section: "post-stage/EntryTypeRegistryImpl/" done in 10.50 μs
[14:28:01] [main/TRACE] [REI] [REIPlugin END] Reloading Section: "post-stage/EntrySettingsAdapterRegistryImpl/"
[14:28:01] [main/TRACE] [REI] [REIPlugin END] Reloading Section: "post-stage/EntrySettingsAdapterRegistryImpl/" done in 6.200 μs
[14:28:01] [main/TRACE] [REI] [REIPlugin END] Reloading Section: "post-stage/RecipeManagerContextImpl/"
[14:28:01] [main/TRACE] [REI] [REIPlugin END] Reloading Section: "post-stage/RecipeManagerContextImpl/" done in 3.400 μs
[14:28:01] [main/TRACE] [REI] [REIPlugin END] Reloading Section: "post-stage/ItemComparatorRegistryImpl/"
[14:28:01] [main/TRACE] [REI] [REIPlugin END] Reloading Section: "post-stage/ItemComparatorRegistryImpl/" done in 2.600 μs
[14:28:01] [main/TRACE] [REI] [REIPlugin END] Reloading Section: "post-stage/FluidComparatorRegistryImpl/"
[14:28:01] [main/TRACE] [REI] [REIPlugin END] Reloading Section: "post-stage/FluidComparatorRegistryImpl/" done in 2.600 μs
[14:28:01] [main/TRACE] [REI] [REIPlugin END] Reloading Section: "post-stage/DisplaySerializerRegistryImpl/"
[14:28:01] [main/TRACE] [REI] [REIPlugin END] Reloading Section: "post-stage/DisplaySerializerRegistryImpl/" done in 2.400 μs
[14:28:01] [main/TRACE] [REI] [REIPlugin END] Reloading Section: "post-stage/FluidSupportProviderImpl/"
[14:28:01] [main/TRACE] [REI] [REIPlugin END] Reloading Section: "post-stage/FluidSupportProviderImpl/" done in 2.600 μs
[14:28:01] [main/TRACE] [REI] [REIPlugin END] Reloading Section: "post-stage/" done in 491.7 μs
[14:28:01] [main/DEBUG] [REI] ========================================
[14:28:01] [main/INFO] [REI] REIPlugin finished post-reload for END in 671.4 μs, totaling 22.13 ms.
[14:28:01] [main/DEBUG] [REI] ========================================
[14:28:01] [main/DEBUG] [REI] ========================================
[14:28:01] [main/DEBUG] [REI] REIServerPlugin starting post-reload for END.
[14:28:01] [main/DEBUG] [REI] Reloadables (2):
[14:28:01] [main/DEBUG] [REI]  - MenuInfoRegistryImpl
[14:28:01] [main/DEBUG] [REI]  - SlotAccessorRegistryImpl
[14:28:01] [main/DEBUG] [REI] Plugins (2):
[14:28:01] [main/DEBUG] [REI]  - (-100.00) DefaultPluginImpl of DefaultPluginImpl [roughlyenoughitems]
[14:28:01] [main/DEBUG] [REI]  - (0.00) DefaultRuntimePlugin of DefaultRuntimePlugin [roughlyenoughitems]
[14:28:01] [main/DEBUG] [REI] ========================================
[14:28:01] [main/TRACE] [REI] [REIServerPlugin END] Reloading Section: "post-register/"
[14:28:01] [main/TRACE] [REI] [REIServerPlugin END] Reloading Section: "post-register/DefaultPluginImpl of DefaultPluginImpl [roughlyenoughitems]/"
[14:28:01] [main/TRACE] [REI] [REIServerPlugin END] Reloading Section: "post-register/DefaultPluginImpl of DefaultPluginImpl [roughlyenoughitems]/" done in 7.600 μs
[14:28:01] [main/TRACE] [REI] [REIServerPlugin END] Reloading Section: "post-register/DefaultRuntimePlugin of DefaultRuntimePlugin [roughlyenoughitems]/"
[14:28:01] [main/TRACE] [REI] [REIServerPlugin END] Reloading Section: "post-register/DefaultRuntimePlugin of DefaultRuntimePlugin [roughlyenoughitems]/" done in 3.900 μs
[14:28:01] [main/TRACE] [REI] [REIServerPlugin END] Reloading Section: "post-register/" done in 95.90 μs
[14:28:01] [main/TRACE] [REI] [REIServerPlugin END] Reloading Section: "post-stage/"
[14:28:01] [main/TRACE] [REI] [REIServerPlugin END] Reloading Section: "post-stage/MenuInfoRegistryImpl/"
[14:28:01] [main/TRACE] [REI] [REIServerPlugin END] Reloading Section: "post-stage/MenuInfoRegistryImpl/" done in 3.100 μs
[14:28:01] [main/TRACE] [REI] [REIServerPlugin END] Reloading Section: "post-stage/SlotAccessorRegistryImpl/"
[14:28:01] [main/TRACE] [REI] [REIServerPlugin END] Reloading Section: "post-stage/SlotAccessorRegistryImpl/" done in 2.000 μs
[14:28:01] [main/TRACE] [REI] [REIServerPlugin END] Reloading Section: "post-stage/" done in 53.90 μs
[14:28:01] [main/DEBUG] [REI] ========================================
[14:28:01] [main/INFO] [REI] REIServerPlugin finished post-reload for END in 198.5 μs, totaling 5.046 ms.
[14:28:01] [main/DEBUG] [REI] ========================================
