[22:33:56] [main/INFO]: Loading Minecraft 1.21.1 with Fabric Loader 0.16.7
[22:33:56] [main/INFO]: Loading 4 mods:
	- fabricloader 0.16.7
	   \-- mixinextras 0.4.1
	- java 21
	- minecraft 1.21.1
[22:33:56] [main/INFO]: SpongePowered MIXIN Subsystem Version=0.8.7 Source=file:/C:/Users/Reisen/Desktop/MC/Server/BigFrame%201.21.1/Hub/server/libraries/net/fabricmc/sponge-mixin/0.15.3+mixin.0.8.7/sponge-mixin-0.15.3+mixin.0.8.7.jar Service=Knot/Fabric Env=SERVER
[22:34:01] [main/INFO]: Environment: Environment[sessionHost=https://sessionserver.mojang.com, servicesHost=https://api.minecraftservices.com, name=PROD]
[22:34:02] [main/INFO]: Loaded 1290 recipes
[22:34:02] [main/INFO]: Loaded 1399 advancements
[22:34:02] [Server thread/INFO]: Starting minecraft server version 1.21.1
[22:34:02] [Server thread/INFO]: Loading properties
[22:34:02] [Server thread/INFO]: Default game type: SURVIVAL
[22:34:02] [Server thread/INFO]: Generating keypair
[22:34:02] [Server thread/INFO]: Starting Minecraft server on *:25565
[22:34:02] [Server thread/INFO]: Using default channel type
[22:34:02] [Server thread/INFO]: Preparing level "world"
[22:34:04] [Server thread/INFO]: Preparing start region for dimension minecraft:overworld
[22:34:04] [Worker-Main-1/INFO]: Preparing spawn area: 0%
[22:34:04] [Worker-Main-6/INFO]: Preparing spawn area: 51%
[22:34:05] [Worker-Main-5/INFO]: Preparing spawn area: 51%
[22:34:05] [Worker-Main-5/INFO]: Preparing spawn area: 51%
[22:34:06] [Worker-Main-7/INFO]: Preparing spawn area: 51%
[22:34:06] [Worker-Main-8/INFO]: Preparing spawn area: 51%
[22:34:07] [Worker-Main-10/INFO]: Preparing spawn area: 51%
[22:34:07] [Worker-Main-2/INFO]: Preparing spawn area: 51%
[22:34:07] [Server thread/INFO]: Time elapsed: 3824 ms
[22:34:07] [Server thread/INFO]: Done (4.908s)! For help, type "help"
